0:PacketIndex
1:Name
2:Description
3:OrderPriority
4:1HWpn%
5:OH<%>
6:Head<%>
7:Chest<%>
8:Hands<%>
9:Waist<%>
10:Legs<%>
11:Feet<%>
12:Earring<%>
13:Necklace<%>
14:Bracelet<%>
15:Ring<%>
16:2HWpn<%>
17:UnderArmor<%>
18:ChestHead<%>
19:ChestHeadLegsFeet<%>
21:LegsFeet<%>
22:HeadChestHandsLegsFeet<%>
23:ChestLegsGloves<%>
24:ChestLegsFeet<%>
25:MeldParam[0]
26:MeldParam[1]
27:MeldParam[2]
28:MeldParam[3]
29:MeldParam[4]
30:MeldParam[5]
31:MeldParam[6]
32:MeldParam[7]
33:MeldParam[8]
34:MeldParam[9]
35:MeldParam[10]
36:MeldParam[11]
37:MeldParam[12]
