0:Month[0]
1:Month[1]
2:Month[2]
3:Month[3]
4:Month[4]
5:Month[5]
6:Month[6]
7:Month[7]
8:Month[8]
9:Month[9]
10:Month[10]
11:Month[11]
12:Month[12]
13:Month[13]
14:Month[14]
15:Month[15]
16:Month[16]
17:Month[17]
18:Month[18]
19:Month[19]
20:Month[20]
21:Month[21]
22:Month[22]
23:Month[23]
24:Month[24]
25:Month[25]
26:Month[26]
27:Month[27]
28:Month[28]
29:Month[29]
30:Month[30]
31:Month[31]
32:Day[0]
33:Day[1]
34:Day[2]
35:Day[3]
36:Day[4]
37:Day[5]
38:Day[6]
39:Day[7]
40:Day[8]
41:Day[9]
42:Day[10]
43:Day[11]
44:Day[12]
45:Day[13]
46:Day[14]
47:Day[15]
48:Day[16]
49:Day[17]
50:Day[18]
51:Day[19]
52:Day[20]
53:Day[21]
54:Day[22]
55:Day[23]
56:Day[24]
57:Day[25]
58:Day[26]
59:Day[27]
60:Day[28]
61:Day[29]
62:Day[30]
63:Day[31]
