0:Race
1:Tribe
2:Gender
3:Menu[0]
4:Menu[1]
5:Menu[2]
6:Menu[3]
7:Menu[4]
8:Menu[5]
9:Menu[6]
10:Menu[7]
11:Menu[8]
12:Menu[9]
13:Menu[10]
14:Menu[11]
15:Menu[12]
16:Menu[13]
17:Menu[14]
18:Menu[15]
19:Menu[16]
20:Menu[17]
21:Menu[18]
22:Menu[19]
23:Menu[20]
24:Menu[21]
25:Menu[22]
26:Menu[23]
27:Menu[24]
28:Menu[25]
29:Menu[26]
30:Menu[27]
31:InitVal[0]
32:InitVal[1]
33:InitVal[2]
34:InitVal[3]
35:InitVal[4]
36:InitVal[5]
37:InitVal[6]
38:InitVal[7]
39:InitVal[8]
40:InitVal[9]
41:InitVal[10]
42:InitVal[11]
43:InitVal[12]
44:InitVal[13]
45:InitVal[14]
46:InitVal[15]
47:InitVal[16]
48:InitVal[17]
49:InitVal[18]
50:InitVal[19]
51:InitVal[20]
52:InitVal[21]
53:InitVal[22]
54:InitVal[23]
55:InitVal[24]
56:InitVal[25]
57:InitVal[26]
58:InitVal[27]
59:SubMenuType[0]
60:SubMenuType[1]
61:SubMenuType[2]
62:SubMenuType[3]
63:SubMenuType[4]
64:SubMenuType[5]
65:SubMenuType[6]
66:SubMenuType[7]
67:SubMenuType[8]
68:SubMenuType[9]
69:SubMenuType[10]
70:SubMenuType[11]
71:SubMenuType[12]
72:SubMenuType[13]
73:SubMenuType[14]
74:SubMenuType[15]
75:SubMenuType[16]
76:SubMenuType[17]
77:SubMenuType[18]
78:SubMenuType[19]
79:SubMenuType[20]
80:SubMenuType[21]
81:SubMenuType[22]
82:SubMenuType[23]
83:SubMenuType[24]
84:SubMenuType[25]
85:SubMenuType[26]
86:SubMenuType[27]
87:SubMenuNum[0]
88:SubMenuNum[1]
89:SubMenuNum[2]
90:SubMenuNum[3]
91:SubMenuNum[4]
92:SubMenuNum[5]
93:SubMenuNum[6]
94:SubMenuNum[7]
95:SubMenuNum[8]
96:SubMenuNum[9]
97:SubMenuNum[10]
98:SubMenuNum[11]
99:SubMenuNum[12]
100:SubMenuNum[13]
101:SubMenuNum[14]
102:SubMenuNum[15]
103:SubMenuNum[16]
104:SubMenuNum[17]
105:SubMenuNum[18]
106:SubMenuNum[19]
107:SubMenuNum[20]
108:SubMenuNum[21]
109:SubMenuNum[22]
110:SubMenuNum[23]
111:SubMenuNum[24]
112:SubMenuNum[25]
113:SubMenuNum[26]
114:SubMenuNum[27]
115:LookAt[0]
116:LookAt[1]
117:LookAt[2]
118:LookAt[3]
119:LookAt[4]
120:LookAt[5]
121:LookAt[6]
122:LookAt[7]
123:LookAt[8]
124:LookAt[9]
125:LookAt[10]
126:LookAt[11]
127:LookAt[12]
128:LookAt[13]
129:LookAt[14]
130:LookAt[15]
131:LookAt[16]
132:LookAt[17]
133:LookAt[18]
134:LookAt[19]
135:LookAt[20]
136:LookAt[21]
137:LookAt[22]
138:LookAt[23]
139:LookAt[24]
140:LookAt[25]
141:LookAt[26]
142:LookAt[27]
143:SubMenuMask[0]
144:SubMenuMask[1]
145:SubMenuMask[2]
146:SubMenuMask[3]
147:SubMenuMask[4]
148:SubMenuMask[5]
149:SubMenuMask[6]
150:SubMenuMask[7]
151:SubMenuMask[8]
152:SubMenuMask[9]
153:SubMenuMask[10]
154:SubMenuMask[11]
155:SubMenuMask[12]
156:SubMenuMask[13]
157:SubMenuMask[14]
158:SubMenuMask[15]
159:SubMenuMask[16]
160:SubMenuMask[17]
161:SubMenuMask[18]
162:SubMenuMask[19]
163:SubMenuMask[20]
164:SubMenuMask[21]
165:SubMenuMask[22]
166:SubMenuMask[23]
167:SubMenuMask[24]
168:SubMenuMask[25]
169:SubMenuMask[26]
170:SubMenuMask[27]
171:Customize[0]
172:Customize[1]
173:Customize[2]
174:Customize[3]
175:Customize[4]
176:Customize[5]
177:Customize[6]
178:Customize[7]
179:Customize[8]
180:Customize[9]
181:Customize[10]
182:Customize[11]
183:Customize[12]
184:Customize[13]
185:Customize[14]
186:Customize[15]
187:Customize[16]
188:Customize[17]
189:Customize[18]
190:Customize[19]
191:Customize[20]
192:Customize[21]
193:Customize[22]
194:Customize[23]
195:Customize[24]
196:Customize[25]
197:Customize[26]
198:Customize[27]
199:SubMenuParam[0][0]
200:SubMenuParam[0][1]
201:SubMenuParam[0][2]
202:SubMenuParam[0][3]
203:SubMenuParam[0][4]
204:SubMenuParam[0][5]
205:SubMenuParam[0][6]
206:SubMenuParam[0][7]
207:SubMenuParam[0][8]
208:SubMenuParam[0][9]
209:SubMenuParam[0][10]
210:SubMenuParam[0][11]
211:SubMenuParam[0][12]
212:SubMenuParam[0][13]
213:SubMenuParam[0][14]
214:SubMenuParam[0][15]
215:SubMenuParam[0][16]
216:SubMenuParam[0][17]
217:SubMenuParam[0][18]
218:SubMenuParam[0][19]
219:SubMenuParam[0][20]
220:SubMenuParam[0][21]
221:SubMenuParam[0][22]
222:SubMenuParam[0][23]
223:SubMenuParam[0][24]
224:SubMenuParam[0][25]
225:SubMenuParam[0][26]
226:SubMenuParam[0][27]
227:SubMenuParam[1][0]
228:SubMenuParam[1][1]
229:SubMenuParam[1][2]
230:SubMenuParam[1][3]
231:SubMenuParam[1][4]
232:SubMenuParam[1][5]
233:SubMenuParam[1][6]
234:SubMenuParam[1][7]
235:SubMenuParam[1][8]
236:SubMenuParam[1][9]
237:SubMenuParam[1][10]
238:SubMenuParam[1][11]
239:SubMenuParam[1][12]
240:SubMenuParam[1][13]
241:SubMenuParam[1][14]
242:SubMenuParam[1][15]
243:SubMenuParam[1][16]
244:SubMenuParam[1][17]
245:SubMenuParam[1][18]
246:SubMenuParam[1][19]
247:SubMenuParam[1][20]
248:SubMenuParam[1][21]
249:SubMenuParam[1][22]
250:SubMenuParam[1][23]
251:SubMenuParam[1][24]
252:SubMenuParam[1][25]
253:SubMenuParam[1][26]
254:SubMenuParam[1][27]
255:SubMenuParam[2][0]
256:SubMenuParam[2][1]
257:SubMenuParam[2][2]
258:SubMenuParam[2][3]
259:SubMenuParam[2][4]
260:SubMenuParam[2][5]
261:SubMenuParam[2][6]
262:SubMenuParam[2][7]
263:SubMenuParam[2][8]
264:SubMenuParam[2][9]
265:SubMenuParam[2][10]
266:SubMenuParam[2][11]
267:SubMenuParam[2][12]
268:SubMenuParam[2][13]
269:SubMenuParam[2][14]
270:SubMenuParam[2][15]
271:SubMenuParam[2][16]
272:SubMenuParam[2][17]
273:SubMenuParam[2][18]
274:SubMenuParam[2][19]
275:SubMenuParam[2][20]
276:SubMenuParam[2][21]
277:SubMenuParam[2][22]
278:SubMenuParam[2][23]
279:SubMenuParam[2][24]
280:SubMenuParam[2][25]
281:SubMenuParam[2][26]
282:SubMenuParam[2][27]
283:SubMenuParam[3][0]
284:SubMenuParam[3][1]
285:SubMenuParam[3][2]
286:SubMenuParam[3][3]
287:SubMenuParam[3][4]
288:SubMenuParam[3][5]
289:SubMenuParam[3][6]
290:SubMenuParam[3][7]
291:SubMenuParam[3][8]
292:SubMenuParam[3][9]
293:SubMenuParam[3][10]
294:SubMenuParam[3][11]
295:SubMenuParam[3][12]
296:SubMenuParam[3][13]
297:SubMenuParam[3][14]
298:SubMenuParam[3][15]
299:SubMenuParam[3][16]
300:SubMenuParam[3][17]
301:SubMenuParam[3][18]
302:SubMenuParam[3][19]
303:SubMenuParam[3][20]
304:SubMenuParam[3][21]
305:SubMenuParam[3][22]
306:SubMenuParam[3][23]
307:SubMenuParam[3][24]
308:SubMenuParam[3][25]
309:SubMenuParam[3][26]
310:SubMenuParam[3][27]
311:SubMenuParam[4][0]
312:SubMenuParam[4][1]
313:SubMenuParam[4][2]
314:SubMenuParam[4][3]
315:SubMenuParam[4][4]
316:SubMenuParam[4][5]
317:SubMenuParam[4][6]
318:SubMenuParam[4][7]
319:SubMenuParam[4][8]
320:SubMenuParam[4][9]
321:SubMenuParam[4][10]
322:SubMenuParam[4][11]
323:SubMenuParam[4][12]
324:SubMenuParam[4][13]
325:SubMenuParam[4][14]
326:SubMenuParam[4][15]
327:SubMenuParam[4][16]
328:SubMenuParam[4][17]
329:SubMenuParam[4][18]
330:SubMenuParam[4][19]
331:SubMenuParam[4][20]
332:SubMenuParam[4][21]
333:SubMenuParam[4][22]
334:SubMenuParam[4][23]
335:SubMenuParam[4][24]
336:SubMenuParam[4][25]
337:SubMenuParam[4][26]
338:SubMenuParam[4][27]
339:SubMenuParam[5][0]
340:SubMenuParam[5][1]
341:SubMenuParam[5][2]
342:SubMenuParam[5][3]
343:SubMenuParam[5][4]
344:SubMenuParam[5][5]
345:SubMenuParam[5][6]
346:SubMenuParam[5][7]
347:SubMenuParam[5][8]
348:SubMenuParam[5][9]
349:SubMenuParam[5][10]
350:SubMenuParam[5][11]
351:SubMenuParam[5][12]
352:SubMenuParam[5][13]
353:SubMenuParam[5][14]
354:SubMenuParam[5][15]
355:SubMenuParam[5][16]
356:SubMenuParam[5][17]
357:SubMenuParam[5][18]
358:SubMenuParam[5][19]
359:SubMenuParam[5][20]
360:SubMenuParam[5][21]
361:SubMenuParam[5][22]
362:SubMenuParam[5][23]
363:SubMenuParam[5][24]
364:SubMenuParam[5][25]
365:SubMenuParam[5][26]
366:SubMenuParam[5][27]
367:SubMenuParam[6][0]
368:SubMenuParam[6][1]
369:SubMenuParam[6][2]
370:SubMenuParam[6][3]
371:SubMenuParam[6][4]
372:SubMenuParam[6][5]
373:SubMenuParam[6][6]
374:SubMenuParam[6][7]
375:SubMenuParam[6][8]
376:SubMenuParam[6][9]
377:SubMenuParam[6][10]
378:SubMenuParam[6][11]
379:SubMenuParam[6][12]
380:SubMenuParam[6][13]
381:SubMenuParam[6][14]
382:SubMenuParam[6][15]
383:SubMenuParam[6][16]
384:SubMenuParam[6][17]
385:SubMenuParam[6][18]
386:SubMenuParam[6][19]
387:SubMenuParam[6][20]
388:SubMenuParam[6][21]
389:SubMenuParam[6][22]
390:SubMenuParam[6][23]
391:SubMenuParam[6][24]
392:SubMenuParam[6][25]
393:SubMenuParam[6][26]
394:SubMenuParam[6][27]
395:SubMenuParam[7][0]
396:SubMenuParam[7][1]
397:SubMenuParam[7][2]
398:SubMenuParam[7][3]
399:SubMenuParam[7][4]
400:SubMenuParam[7][5]
401:SubMenuParam[7][6]
402:SubMenuParam[7][7]
403:SubMenuParam[7][8]
404:SubMenuParam[7][9]
405:SubMenuParam[7][10]
406:SubMenuParam[7][11]
407:SubMenuParam[7][12]
408:SubMenuParam[7][13]
409:SubMenuParam[7][14]
410:SubMenuParam[7][15]
411:SubMenuParam[7][16]
412:SubMenuParam[7][17]
413:SubMenuParam[7][18]
414:SubMenuParam[7][19]
415:SubMenuParam[7][20]
416:SubMenuParam[7][21]
417:SubMenuParam[7][22]
418:SubMenuParam[7][23]
419:SubMenuParam[7][24]
420:SubMenuParam[7][25]
421:SubMenuParam[7][26]
422:SubMenuParam[7][27]
423:SubMenuParam[8][0]
424:SubMenuParam[8][1]
425:SubMenuParam[8][2]
426:SubMenuParam[8][3]
427:SubMenuParam[8][4]
428:SubMenuParam[8][5]
429:SubMenuParam[8][6]
430:SubMenuParam[8][7]
431:SubMenuParam[8][8]
432:SubMenuParam[8][9]
433:SubMenuParam[8][10]
434:SubMenuParam[8][11]
435:SubMenuParam[8][12]
436:SubMenuParam[8][13]
437:SubMenuParam[8][14]
438:SubMenuParam[8][15]
439:SubMenuParam[8][16]
440:SubMenuParam[8][17]
441:SubMenuParam[8][18]
442:SubMenuParam[8][19]
443:SubMenuParam[8][20]
444:SubMenuParam[8][21]
445:SubMenuParam[8][22]
446:SubMenuParam[8][23]
447:SubMenuParam[8][24]
448:SubMenuParam[8][25]
449:SubMenuParam[8][26]
450:SubMenuParam[8][27]
451:SubMenuParam[9][0]
452:SubMenuParam[9][1]
453:SubMenuParam[9][2]
454:SubMenuParam[9][3]
455:SubMenuParam[9][4]
456:SubMenuParam[9][5]
457:SubMenuParam[9][6]
458:SubMenuParam[9][7]
459:SubMenuParam[9][8]
460:SubMenuParam[9][9]
461:SubMenuParam[9][10]
462:SubMenuParam[9][11]
463:SubMenuParam[9][12]
464:SubMenuParam[9][13]
465:SubMenuParam[9][14]
466:SubMenuParam[9][15]
467:SubMenuParam[9][16]
468:SubMenuParam[9][17]
469:SubMenuParam[9][18]
470:SubMenuParam[9][19]
471:SubMenuParam[9][20]
472:SubMenuParam[9][21]
473:SubMenuParam[9][22]
474:SubMenuParam[9][23]
475:SubMenuParam[9][24]
476:SubMenuParam[9][25]
477:SubMenuParam[9][26]
478:SubMenuParam[9][27]
479:SubMenuParam[10][0]
480:SubMenuParam[10][1]
481:SubMenuParam[10][2]
482:SubMenuParam[10][3]
483:SubMenuParam[10][4]
484:SubMenuParam[10][5]
485:SubMenuParam[10][6]
486:SubMenuParam[10][7]
487:SubMenuParam[10][8]
488:SubMenuParam[10][9]
489:SubMenuParam[10][10]
490:SubMenuParam[10][11]
491:SubMenuParam[10][12]
492:SubMenuParam[10][13]
493:SubMenuParam[10][14]
494:SubMenuParam[10][15]
495:SubMenuParam[10][16]
496:SubMenuParam[10][17]
497:SubMenuParam[10][18]
498:SubMenuParam[10][19]
499:SubMenuParam[10][20]
500:SubMenuParam[10][21]
501:SubMenuParam[10][22]
502:SubMenuParam[10][23]
503:SubMenuParam[10][24]
504:SubMenuParam[10][25]
505:SubMenuParam[10][26]
506:SubMenuParam[10][27]
507:SubMenuParam[11][0]
508:SubMenuParam[11][1]
509:SubMenuParam[11][2]
510:SubMenuParam[11][3]
511:SubMenuParam[11][4]
512:SubMenuParam[11][5]
513:SubMenuParam[11][6]
514:SubMenuParam[11][7]
515:SubMenuParam[11][8]
516:SubMenuParam[11][9]
517:SubMenuParam[11][10]
518:SubMenuParam[11][11]
519:SubMenuParam[11][12]
520:SubMenuParam[11][13]
521:SubMenuParam[11][14]
522:SubMenuParam[11][15]
523:SubMenuParam[11][16]
524:SubMenuParam[11][17]
525:SubMenuParam[11][18]
526:SubMenuParam[11][19]
527:SubMenuParam[11][20]
528:SubMenuParam[11][21]
529:SubMenuParam[11][22]
530:SubMenuParam[11][23]
531:SubMenuParam[11][24]
532:SubMenuParam[11][25]
533:SubMenuParam[11][26]
534:SubMenuParam[11][27]
535:SubMenuParam[12][0]
536:SubMenuParam[12][1]
537:SubMenuParam[12][2]
538:SubMenuParam[12][3]
539:SubMenuParam[12][4]
540:SubMenuParam[12][5]
541:SubMenuParam[12][6]
542:SubMenuParam[12][7]
543:SubMenuParam[12][8]
544:SubMenuParam[12][9]
545:SubMenuParam[12][10]
546:SubMenuParam[12][11]
547:SubMenuParam[12][12]
548:SubMenuParam[12][13]
549:SubMenuParam[12][14]
550:SubMenuParam[12][15]
551:SubMenuParam[12][16]
552:SubMenuParam[12][17]
553:SubMenuParam[12][18]
554:SubMenuParam[12][19]
555:SubMenuParam[12][20]
556:SubMenuParam[12][21]
557:SubMenuParam[12][22]
558:SubMenuParam[12][23]
559:SubMenuParam[12][24]
560:SubMenuParam[12][25]
561:SubMenuParam[12][26]
562:SubMenuParam[12][27]
563:SubMenuParam[13][0]
564:SubMenuParam[13][1]
565:SubMenuParam[13][2]
566:SubMenuParam[13][3]
567:SubMenuParam[13][4]
568:SubMenuParam[13][5]
569:SubMenuParam[13][6]
570:SubMenuParam[13][7]
571:SubMenuParam[13][8]
572:SubMenuParam[13][9]
573:SubMenuParam[13][10]
574:SubMenuParam[13][11]
575:SubMenuParam[13][12]
576:SubMenuParam[13][13]
577:SubMenuParam[13][14]
578:SubMenuParam[13][15]
579:SubMenuParam[13][16]
580:SubMenuParam[13][17]
581:SubMenuParam[13][18]
582:SubMenuParam[13][19]
583:SubMenuParam[13][20]
584:SubMenuParam[13][21]
585:SubMenuParam[13][22]
586:SubMenuParam[13][23]
587:SubMenuParam[13][24]
588:SubMenuParam[13][25]
589:SubMenuParam[13][26]
590:SubMenuParam[13][27]
591:SubMenuParam[14][0]
592:SubMenuParam[14][1]
593:SubMenuParam[14][2]
594:SubMenuParam[14][3]
595:SubMenuParam[14][4]
596:SubMenuParam[14][5]
597:SubMenuParam[14][6]
598:SubMenuParam[14][7]
599:SubMenuParam[14][8]
600:SubMenuParam[14][9]
601:SubMenuParam[14][10]
602:SubMenuParam[14][11]
603:SubMenuParam[14][12]
604:SubMenuParam[14][13]
605:SubMenuParam[14][14]
606:SubMenuParam[14][15]
607:SubMenuParam[14][16]
608:SubMenuParam[14][17]
609:SubMenuParam[14][18]
610:SubMenuParam[14][19]
611:SubMenuParam[14][20]
612:SubMenuParam[14][21]
613:SubMenuParam[14][22]
614:SubMenuParam[14][23]
615:SubMenuParam[14][24]
616:SubMenuParam[14][25]
617:SubMenuParam[14][26]
618:SubMenuParam[14][27]
619:SubMenuParam[15][0]
620:SubMenuParam[15][1]
621:SubMenuParam[15][2]
622:SubMenuParam[15][3]
623:SubMenuParam[15][4]
624:SubMenuParam[15][5]
625:SubMenuParam[15][6]
626:SubMenuParam[15][7]
627:SubMenuParam[15][8]
628:SubMenuParam[15][9]
629:SubMenuParam[15][10]
630:SubMenuParam[15][11]
631:SubMenuParam[15][12]
632:SubMenuParam[15][13]
633:SubMenuParam[15][14]
634:SubMenuParam[15][15]
635:SubMenuParam[15][16]
636:SubMenuParam[15][17]
637:SubMenuParam[15][18]
638:SubMenuParam[15][19]
639:SubMenuParam[15][20]
640:SubMenuParam[15][21]
641:SubMenuParam[15][22]
642:SubMenuParam[15][23]
643:SubMenuParam[15][24]
644:SubMenuParam[15][25]
645:SubMenuParam[15][26]
646:SubMenuParam[15][27]
647:SubMenuParam[16][0]
648:SubMenuParam[16][1]
649:SubMenuParam[16][2]
650:SubMenuParam[16][3]
651:SubMenuParam[16][4]
652:SubMenuParam[16][5]
653:SubMenuParam[16][6]
654:SubMenuParam[16][7]
655:SubMenuParam[16][8]
656:SubMenuParam[16][9]
657:SubMenuParam[16][10]
658:SubMenuParam[16][11]
659:SubMenuParam[16][12]
660:SubMenuParam[16][13]
661:SubMenuParam[16][14]
662:SubMenuParam[16][15]
663:SubMenuParam[16][16]
664:SubMenuParam[16][17]
665:SubMenuParam[16][18]
666:SubMenuParam[16][19]
667:SubMenuParam[16][20]
668:SubMenuParam[16][21]
669:SubMenuParam[16][22]
670:SubMenuParam[16][23]
671:SubMenuParam[16][24]
672:SubMenuParam[16][25]
673:SubMenuParam[16][26]
674:SubMenuParam[16][27]
675:SubMenuParam[17][0]
676:SubMenuParam[17][1]
677:SubMenuParam[17][2]
678:SubMenuParam[17][3]
679:SubMenuParam[17][4]
680:SubMenuParam[17][5]
681:SubMenuParam[17][6]
682:SubMenuParam[17][7]
683:SubMenuParam[17][8]
684:SubMenuParam[17][9]
685:SubMenuParam[17][10]
686:SubMenuParam[17][11]
687:SubMenuParam[17][12]
688:SubMenuParam[17][13]
689:SubMenuParam[17][14]
690:SubMenuParam[17][15]
691:SubMenuParam[17][16]
692:SubMenuParam[17][17]
693:SubMenuParam[17][18]
694:SubMenuParam[17][19]
695:SubMenuParam[17][20]
696:SubMenuParam[17][21]
697:SubMenuParam[17][22]
698:SubMenuParam[17][23]
699:SubMenuParam[17][24]
700:SubMenuParam[17][25]
701:SubMenuParam[17][26]
702:SubMenuParam[17][27]
703:SubMenuParam[18][0]
704:SubMenuParam[18][1]
705:SubMenuParam[18][2]
706:SubMenuParam[18][3]
707:SubMenuParam[18][4]
708:SubMenuParam[18][5]
709:SubMenuParam[18][6]
710:SubMenuParam[18][7]
711:SubMenuParam[18][8]
712:SubMenuParam[18][9]
713:SubMenuParam[18][10]
714:SubMenuParam[18][11]
715:SubMenuParam[18][12]
716:SubMenuParam[18][13]
717:SubMenuParam[18][14]
718:SubMenuParam[18][15]
719:SubMenuParam[18][16]
720:SubMenuParam[18][17]
721:SubMenuParam[18][18]
722:SubMenuParam[18][19]
723:SubMenuParam[18][20]
724:SubMenuParam[18][21]
725:SubMenuParam[18][22]
726:SubMenuParam[18][23]
727:SubMenuParam[18][24]
728:SubMenuParam[18][25]
729:SubMenuParam[18][26]
730:SubMenuParam[18][27]
731:SubMenuParam[19][0]
732:SubMenuParam[19][1]
733:SubMenuParam[19][2]
734:SubMenuParam[19][3]
735:SubMenuParam[19][4]
736:SubMenuParam[19][5]
737:SubMenuParam[19][6]
738:SubMenuParam[19][7]
739:SubMenuParam[19][8]
740:SubMenuParam[19][9]
741:SubMenuParam[19][10]
742:SubMenuParam[19][11]
743:SubMenuParam[19][12]
744:SubMenuParam[19][13]
745:SubMenuParam[19][14]
746:SubMenuParam[19][15]
747:SubMenuParam[19][16]
748:SubMenuParam[19][17]
749:SubMenuParam[19][18]
750:SubMenuParam[19][19]
751:SubMenuParam[19][20]
752:SubMenuParam[19][21]
753:SubMenuParam[19][22]
754:SubMenuParam[19][23]
755:SubMenuParam[19][24]
756:SubMenuParam[19][25]
757:SubMenuParam[19][26]
758:SubMenuParam[19][27]
759:SubMenuParam[20][0]
760:SubMenuParam[20][1]
761:SubMenuParam[20][2]
762:SubMenuParam[20][3]
763:SubMenuParam[20][4]
764:SubMenuParam[20][5]
765:SubMenuParam[20][6]
766:SubMenuParam[20][7]
767:SubMenuParam[20][8]
768:SubMenuParam[20][9]
769:SubMenuParam[20][10]
770:SubMenuParam[20][11]
771:SubMenuParam[20][12]
772:SubMenuParam[20][13]
773:SubMenuParam[20][14]
774:SubMenuParam[20][15]
775:SubMenuParam[20][16]
776:SubMenuParam[20][17]
777:SubMenuParam[20][18]
778:SubMenuParam[20][19]
779:SubMenuParam[20][20]
780:SubMenuParam[20][21]
781:SubMenuParam[20][22]
782:SubMenuParam[20][23]
783:SubMenuParam[20][24]
784:SubMenuParam[20][25]
785:SubMenuParam[20][26]
786:SubMenuParam[20][27]
787:SubMenuParam[21][0]
788:SubMenuParam[21][1]
789:SubMenuParam[21][2]
790:SubMenuParam[21][3]
791:SubMenuParam[21][4]
792:SubMenuParam[21][5]
793:SubMenuParam[21][6]
794:SubMenuParam[21][7]
795:SubMenuParam[21][8]
796:SubMenuParam[21][9]
797:SubMenuParam[21][10]
798:SubMenuParam[21][11]
799:SubMenuParam[21][12]
800:SubMenuParam[21][13]
801:SubMenuParam[21][14]
802:SubMenuParam[21][15]
803:SubMenuParam[21][16]
804:SubMenuParam[21][17]
805:SubMenuParam[21][18]
806:SubMenuParam[21][19]
807:SubMenuParam[21][20]
808:SubMenuParam[21][21]
809:SubMenuParam[21][22]
810:SubMenuParam[21][23]
811:SubMenuParam[21][24]
812:SubMenuParam[21][25]
813:SubMenuParam[21][26]
814:SubMenuParam[21][27]
815:SubMenuParam[22][0]
816:SubMenuParam[22][1]
817:SubMenuParam[22][2]
818:SubMenuParam[22][3]
819:SubMenuParam[22][4]
820:SubMenuParam[22][5]
821:SubMenuParam[22][6]
822:SubMenuParam[22][7]
823:SubMenuParam[22][8]
824:SubMenuParam[22][9]
825:SubMenuParam[22][10]
826:SubMenuParam[22][11]
827:SubMenuParam[22][12]
828:SubMenuParam[22][13]
829:SubMenuParam[22][14]
830:SubMenuParam[22][15]
831:SubMenuParam[22][16]
832:SubMenuParam[22][17]
833:SubMenuParam[22][18]
834:SubMenuParam[22][19]
835:SubMenuParam[22][20]
836:SubMenuParam[22][21]
837:SubMenuParam[22][22]
838:SubMenuParam[22][23]
839:SubMenuParam[22][24]
840:SubMenuParam[22][25]
841:SubMenuParam[22][26]
842:SubMenuParam[22][27]
843:SubMenuParam[23][0]
844:SubMenuParam[23][1]
845:SubMenuParam[23][2]
846:SubMenuParam[23][3]
847:SubMenuParam[23][4]
848:SubMenuParam[23][5]
849:SubMenuParam[23][6]
850:SubMenuParam[23][7]
851:SubMenuParam[23][8]
852:SubMenuParam[23][9]
853:SubMenuParam[23][10]
854:SubMenuParam[23][11]
855:SubMenuParam[23][12]
856:SubMenuParam[23][13]
857:SubMenuParam[23][14]
858:SubMenuParam[23][15]
859:SubMenuParam[23][16]
860:SubMenuParam[23][17]
861:SubMenuParam[23][18]
862:SubMenuParam[23][19]
863:SubMenuParam[23][20]
864:SubMenuParam[23][21]
865:SubMenuParam[23][22]
866:SubMenuParam[23][23]
867:SubMenuParam[23][24]
868:SubMenuParam[23][25]
869:SubMenuParam[23][26]
870:SubMenuParam[23][27]
871:SubMenuParam[24][0]
872:SubMenuParam[24][1]
873:SubMenuParam[24][2]
874:SubMenuParam[24][3]
875:SubMenuParam[24][4]
876:SubMenuParam[24][5]
877:SubMenuParam[24][6]
878:SubMenuParam[24][7]
879:SubMenuParam[24][8]
880:SubMenuParam[24][9]
881:SubMenuParam[24][10]
882:SubMenuParam[24][11]
883:SubMenuParam[24][12]
884:SubMenuParam[24][13]
885:SubMenuParam[24][14]
886:SubMenuParam[24][15]
887:SubMenuParam[24][16]
888:SubMenuParam[24][17]
889:SubMenuParam[24][18]
890:SubMenuParam[24][19]
891:SubMenuParam[24][20]
892:SubMenuParam[24][21]
893:SubMenuParam[24][22]
894:SubMenuParam[24][23]
895:SubMenuParam[24][24]
896:SubMenuParam[24][25]
897:SubMenuParam[24][26]
898:SubMenuParam[24][27]
899:SubMenuParam[25][0]
900:SubMenuParam[25][1]
901:SubMenuParam[25][2]
902:SubMenuParam[25][3]
903:SubMenuParam[25][4]
904:SubMenuParam[25][5]
905:SubMenuParam[25][6]
906:SubMenuParam[25][7]
907:SubMenuParam[25][8]
908:SubMenuParam[25][9]
909:SubMenuParam[25][10]
910:SubMenuParam[25][11]
911:SubMenuParam[25][12]
912:SubMenuParam[25][13]
913:SubMenuParam[25][14]
914:SubMenuParam[25][15]
915:SubMenuParam[25][16]
916:SubMenuParam[25][17]
917:SubMenuParam[25][18]
918:SubMenuParam[25][19]
919:SubMenuParam[25][20]
920:SubMenuParam[25][21]
921:SubMenuParam[25][22]
922:SubMenuParam[25][23]
923:SubMenuParam[25][24]
924:SubMenuParam[25][25]
925:SubMenuParam[25][26]
926:SubMenuParam[25][27]
927:SubMenuParam[26][0]
928:SubMenuParam[26][1]
929:SubMenuParam[26][2]
930:SubMenuParam[26][3]
931:SubMenuParam[26][4]
932:SubMenuParam[26][5]
933:SubMenuParam[26][6]
934:SubMenuParam[26][7]
935:SubMenuParam[26][8]
936:SubMenuParam[26][9]
937:SubMenuParam[26][10]
938:SubMenuParam[26][11]
939:SubMenuParam[26][12]
940:SubMenuParam[26][13]
941:SubMenuParam[26][14]
942:SubMenuParam[26][15]
943:SubMenuParam[26][16]
944:SubMenuParam[26][17]
945:SubMenuParam[26][18]
946:SubMenuParam[26][19]
947:SubMenuParam[26][20]
948:SubMenuParam[26][21]
949:SubMenuParam[26][22]
950:SubMenuParam[26][23]
951:SubMenuParam[26][24]
952:SubMenuParam[26][25]
953:SubMenuParam[26][26]
954:SubMenuParam[26][27]
955:SubMenuParam[27][0]
956:SubMenuParam[27][1]
957:SubMenuParam[27][2]
958:SubMenuParam[27][3]
959:SubMenuParam[27][4]
960:SubMenuParam[27][5]
961:SubMenuParam[27][6]
962:SubMenuParam[27][7]
963:SubMenuParam[27][8]
964:SubMenuParam[27][9]
965:SubMenuParam[27][10]
966:SubMenuParam[27][11]
967:SubMenuParam[27][12]
968:SubMenuParam[27][13]
969:SubMenuParam[27][14]
970:SubMenuParam[27][15]
971:SubMenuParam[27][16]
972:SubMenuParam[27][17]
973:SubMenuParam[27][18]
974:SubMenuParam[27][19]
975:SubMenuParam[27][20]
976:SubMenuParam[27][21]
977:SubMenuParam[27][22]
978:SubMenuParam[27][23]
979:SubMenuParam[27][24]
980:SubMenuParam[27][25]
981:SubMenuParam[27][26]
982:SubMenuParam[27][27]
983:SubMenuParam[28][0]
984:SubMenuParam[28][1]
985:SubMenuParam[28][2]
986:SubMenuParam[28][3]
987:SubMenuParam[28][4]
988:SubMenuParam[28][5]
989:SubMenuParam[28][6]
990:SubMenuParam[28][7]
991:SubMenuParam[28][8]
992:SubMenuParam[28][9]
993:SubMenuParam[28][10]
994:SubMenuParam[28][11]
995:SubMenuParam[28][12]
996:SubMenuParam[28][13]
997:SubMenuParam[28][14]
998:SubMenuParam[28][15]
999:SubMenuParam[28][16]
1000:SubMenuParam[28][17]
1001:SubMenuParam[28][18]
1002:SubMenuParam[28][19]
1003:SubMenuParam[28][20]
1004:SubMenuParam[28][21]
1005:SubMenuParam[28][22]
1006:SubMenuParam[28][23]
1007:SubMenuParam[28][24]
1008:SubMenuParam[28][25]
1009:SubMenuParam[28][26]
1010:SubMenuParam[28][27]
1011:SubMenuParam[29][0]
1012:SubMenuParam[29][1]
1013:SubMenuParam[29][2]
1014:SubMenuParam[29][3]
1015:SubMenuParam[29][4]
1016:SubMenuParam[29][5]
1017:SubMenuParam[29][6]
1018:SubMenuParam[29][7]
1019:SubMenuParam[29][8]
1020:SubMenuParam[29][9]
1021:SubMenuParam[29][10]
1022:SubMenuParam[29][11]
1023:SubMenuParam[29][12]
1024:SubMenuParam[29][13]
1025:SubMenuParam[29][14]
1026:SubMenuParam[29][15]
1027:SubMenuParam[29][16]
1028:SubMenuParam[29][17]
1029:SubMenuParam[29][18]
1030:SubMenuParam[29][19]
1031:SubMenuParam[29][20]
1032:SubMenuParam[29][21]
1033:SubMenuParam[29][22]
1034:SubMenuParam[29][23]
1035:SubMenuParam[29][24]
1036:SubMenuParam[29][25]
1037:SubMenuParam[29][26]
1038:SubMenuParam[29][27]
1039:SubMenuParam[30][0]
1040:SubMenuParam[30][1]
1041:SubMenuParam[30][2]
1042:SubMenuParam[30][3]
1043:SubMenuParam[30][4]
1044:SubMenuParam[30][5]
1045:SubMenuParam[30][6]
1046:SubMenuParam[30][7]
1047:SubMenuParam[30][8]
1048:SubMenuParam[30][9]
1049:SubMenuParam[30][10]
1050:SubMenuParam[30][11]
1051:SubMenuParam[30][12]
1052:SubMenuParam[30][13]
1053:SubMenuParam[30][14]
1054:SubMenuParam[30][15]
1055:SubMenuParam[30][16]
1056:SubMenuParam[30][17]
1057:SubMenuParam[30][18]
1058:SubMenuParam[30][19]
1059:SubMenuParam[30][20]
1060:SubMenuParam[30][21]
1061:SubMenuParam[30][22]
1062:SubMenuParam[30][23]
1063:SubMenuParam[30][24]
1064:SubMenuParam[30][25]
1065:SubMenuParam[30][26]
1066:SubMenuParam[30][27]
1067:SubMenuParam[31][0]
1068:SubMenuParam[31][1]
1069:SubMenuParam[31][2]
1070:SubMenuParam[31][3]
1071:SubMenuParam[31][4]
1072:SubMenuParam[31][5]
1073:SubMenuParam[31][6]
1074:SubMenuParam[31][7]
1075:SubMenuParam[31][8]
1076:SubMenuParam[31][9]
1077:SubMenuParam[31][10]
1078:SubMenuParam[31][11]
1079:SubMenuParam[31][12]
1080:SubMenuParam[31][13]
1081:SubMenuParam[31][14]
1082:SubMenuParam[31][15]
1083:SubMenuParam[31][16]
1084:SubMenuParam[31][17]
1085:SubMenuParam[31][18]
1086:SubMenuParam[31][19]
1087:SubMenuParam[31][20]
1088:SubMenuParam[31][21]
1089:SubMenuParam[31][22]
1090:SubMenuParam[31][23]
1091:SubMenuParam[31][24]
1092:SubMenuParam[31][25]
1093:SubMenuParam[31][26]
1094:SubMenuParam[31][27]
1095:SubMenuParam[32][0]
1096:SubMenuParam[32][1]
1097:SubMenuParam[32][2]
1098:SubMenuParam[32][3]
1099:SubMenuParam[32][4]
1100:SubMenuParam[32][5]
1101:SubMenuParam[32][6]
1102:SubMenuParam[32][7]
1103:SubMenuParam[32][8]
1104:SubMenuParam[32][9]
1105:SubMenuParam[32][10]
1106:SubMenuParam[32][11]
1107:SubMenuParam[32][12]
1108:SubMenuParam[32][13]
1109:SubMenuParam[32][14]
1110:SubMenuParam[32][15]
1111:SubMenuParam[32][16]
1112:SubMenuParam[32][17]
1113:SubMenuParam[32][18]
1114:SubMenuParam[32][19]
1115:SubMenuParam[32][20]
1116:SubMenuParam[32][21]
1117:SubMenuParam[32][22]
1118:SubMenuParam[32][23]
1119:SubMenuParam[32][24]
1120:SubMenuParam[32][25]
1121:SubMenuParam[32][26]
1122:SubMenuParam[32][27]
1123:SubMenuParam[33][0]
1124:SubMenuParam[33][1]
1125:SubMenuParam[33][2]
1126:SubMenuParam[33][3]
1127:SubMenuParam[33][4]
1128:SubMenuParam[33][5]
1129:SubMenuParam[33][6]
1130:SubMenuParam[33][7]
1131:SubMenuParam[33][8]
1132:SubMenuParam[33][9]
1133:SubMenuParam[33][10]
1134:SubMenuParam[33][11]
1135:SubMenuParam[33][12]
1136:SubMenuParam[33][13]
1137:SubMenuParam[33][14]
1138:SubMenuParam[33][15]
1139:SubMenuParam[33][16]
1140:SubMenuParam[33][17]
1141:SubMenuParam[33][18]
1142:SubMenuParam[33][19]
1143:SubMenuParam[33][20]
1144:SubMenuParam[33][21]
1145:SubMenuParam[33][22]
1146:SubMenuParam[33][23]
1147:SubMenuParam[33][24]
1148:SubMenuParam[33][25]
1149:SubMenuParam[33][26]
1150:SubMenuParam[33][27]
1151:SubMenuParam[34][0]
1152:SubMenuParam[34][1]
1153:SubMenuParam[34][2]
1154:SubMenuParam[34][3]
1155:SubMenuParam[34][4]
1156:SubMenuParam[34][5]
1157:SubMenuParam[34][6]
1158:SubMenuParam[34][7]
1159:SubMenuParam[34][8]
1160:SubMenuParam[34][9]
1161:SubMenuParam[34][10]
1162:SubMenuParam[34][11]
1163:SubMenuParam[34][12]
1164:SubMenuParam[34][13]
1165:SubMenuParam[34][14]
1166:SubMenuParam[34][15]
1167:SubMenuParam[34][16]
1168:SubMenuParam[34][17]
1169:SubMenuParam[34][18]
1170:SubMenuParam[34][19]
1171:SubMenuParam[34][20]
1172:SubMenuParam[34][21]
1173:SubMenuParam[34][22]
1174:SubMenuParam[34][23]
1175:SubMenuParam[34][24]
1176:SubMenuParam[34][25]
1177:SubMenuParam[34][26]
1178:SubMenuParam[34][27]
1179:SubMenuParam[35][0]
1180:SubMenuParam[35][1]
1181:SubMenuParam[35][2]
1182:SubMenuParam[35][3]
1183:SubMenuParam[35][4]
1184:SubMenuParam[35][5]
1185:SubMenuParam[35][6]
1186:SubMenuParam[35][7]
1187:SubMenuParam[35][8]
1188:SubMenuParam[35][9]
1189:SubMenuParam[35][10]
1190:SubMenuParam[35][11]
1191:SubMenuParam[35][12]
1192:SubMenuParam[35][13]
1193:SubMenuParam[35][14]
1194:SubMenuParam[35][15]
1195:SubMenuParam[35][16]
1196:SubMenuParam[35][17]
1197:SubMenuParam[35][18]
1198:SubMenuParam[35][19]
1199:SubMenuParam[35][20]
1200:SubMenuParam[35][21]
1201:SubMenuParam[35][22]
1202:SubMenuParam[35][23]
1203:SubMenuParam[35][24]
1204:SubMenuParam[35][25]
1205:SubMenuParam[35][26]
1206:SubMenuParam[35][27]
1207:SubMenuParam[36][0]
1208:SubMenuParam[36][1]
1209:SubMenuParam[36][2]
1210:SubMenuParam[36][3]
1211:SubMenuParam[36][4]
1212:SubMenuParam[36][5]
1213:SubMenuParam[36][6]
1214:SubMenuParam[36][7]
1215:SubMenuParam[36][8]
1216:SubMenuParam[36][9]
1217:SubMenuParam[36][10]
1218:SubMenuParam[36][11]
1219:SubMenuParam[36][12]
1220:SubMenuParam[36][13]
1221:SubMenuParam[36][14]
1222:SubMenuParam[36][15]
1223:SubMenuParam[36][16]
1224:SubMenuParam[36][17]
1225:SubMenuParam[36][18]
1226:SubMenuParam[36][19]
1227:SubMenuParam[36][20]
1228:SubMenuParam[36][21]
1229:SubMenuParam[36][22]
1230:SubMenuParam[36][23]
1231:SubMenuParam[36][24]
1232:SubMenuParam[36][25]
1233:SubMenuParam[36][26]
1234:SubMenuParam[36][27]
1235:SubMenuParam[37][0]
1236:SubMenuParam[37][1]
1237:SubMenuParam[37][2]
1238:SubMenuParam[37][3]
1239:SubMenuParam[37][4]
1240:SubMenuParam[37][5]
1241:SubMenuParam[37][6]
1242:SubMenuParam[37][7]
1243:SubMenuParam[37][8]
1244:SubMenuParam[37][9]
1245:SubMenuParam[37][10]
1246:SubMenuParam[37][11]
1247:SubMenuParam[37][12]
1248:SubMenuParam[37][13]
1249:SubMenuParam[37][14]
1250:SubMenuParam[37][15]
1251:SubMenuParam[37][16]
1252:SubMenuParam[37][17]
1253:SubMenuParam[37][18]
1254:SubMenuParam[37][19]
1255:SubMenuParam[37][20]
1256:SubMenuParam[37][21]
1257:SubMenuParam[37][22]
1258:SubMenuParam[37][23]
1259:SubMenuParam[37][24]
1260:SubMenuParam[37][25]
1261:SubMenuParam[37][26]
1262:SubMenuParam[37][27]
1263:SubMenuParam[38][0]
1264:SubMenuParam[38][1]
1265:SubMenuParam[38][2]
1266:SubMenuParam[38][3]
1267:SubMenuParam[38][4]
1268:SubMenuParam[38][5]
1269:SubMenuParam[38][6]
1270:SubMenuParam[38][7]
1271:SubMenuParam[38][8]
1272:SubMenuParam[38][9]
1273:SubMenuParam[38][10]
1274:SubMenuParam[38][11]
1275:SubMenuParam[38][12]
1276:SubMenuParam[38][13]
1277:SubMenuParam[38][14]
1278:SubMenuParam[38][15]
1279:SubMenuParam[38][16]
1280:SubMenuParam[38][17]
1281:SubMenuParam[38][18]
1282:SubMenuParam[38][19]
1283:SubMenuParam[38][20]
1284:SubMenuParam[38][21]
1285:SubMenuParam[38][22]
1286:SubMenuParam[38][23]
1287:SubMenuParam[38][24]
1288:SubMenuParam[38][25]
1289:SubMenuParam[38][26]
1290:SubMenuParam[38][27]
1291:SubMenuParam[39][0]
1292:SubMenuParam[39][1]
1293:SubMenuParam[39][2]
1294:SubMenuParam[39][3]
1295:SubMenuParam[39][4]
1296:SubMenuParam[39][5]
1297:SubMenuParam[39][6]
1298:SubMenuParam[39][7]
1299:SubMenuParam[39][8]
1300:SubMenuParam[39][9]
1301:SubMenuParam[39][10]
1302:SubMenuParam[39][11]
1303:SubMenuParam[39][12]
1304:SubMenuParam[39][13]
1305:SubMenuParam[39][14]
1306:SubMenuParam[39][15]
1307:SubMenuParam[39][16]
1308:SubMenuParam[39][17]
1309:SubMenuParam[39][18]
1310:SubMenuParam[39][19]
1311:SubMenuParam[39][20]
1312:SubMenuParam[39][21]
1313:SubMenuParam[39][22]
1314:SubMenuParam[39][23]
1315:SubMenuParam[39][24]
1316:SubMenuParam[39][25]
1317:SubMenuParam[39][26]
1318:SubMenuParam[39][27]
1319:SubMenuParam[40][0]
1320:SubMenuParam[40][1]
1321:SubMenuParam[40][2]
1322:SubMenuParam[40][3]
1323:SubMenuParam[40][4]
1324:SubMenuParam[40][5]
1325:SubMenuParam[40][6]
1326:SubMenuParam[40][7]
1327:SubMenuParam[40][8]
1328:SubMenuParam[40][9]
1329:SubMenuParam[40][10]
1330:SubMenuParam[40][11]
1331:SubMenuParam[40][12]
1332:SubMenuParam[40][13]
1333:SubMenuParam[40][14]
1334:SubMenuParam[40][15]
1335:SubMenuParam[40][16]
1336:SubMenuParam[40][17]
1337:SubMenuParam[40][18]
1338:SubMenuParam[40][19]
1339:SubMenuParam[40][20]
1340:SubMenuParam[40][21]
1341:SubMenuParam[40][22]
1342:SubMenuParam[40][23]
1343:SubMenuParam[40][24]
1344:SubMenuParam[40][25]
1345:SubMenuParam[40][26]
1346:SubMenuParam[40][27]
1347:SubMenuParam[41][0]
1348:SubMenuParam[41][1]
1349:SubMenuParam[41][2]
1350:SubMenuParam[41][3]
1351:SubMenuParam[41][4]
1352:SubMenuParam[41][5]
1353:SubMenuParam[41][6]
1354:SubMenuParam[41][7]
1355:SubMenuParam[41][8]
1356:SubMenuParam[41][9]
1357:SubMenuParam[41][10]
1358:SubMenuParam[41][11]
1359:SubMenuParam[41][12]
1360:SubMenuParam[41][13]
1361:SubMenuParam[41][14]
1362:SubMenuParam[41][15]
1363:SubMenuParam[41][16]
1364:SubMenuParam[41][17]
1365:SubMenuParam[41][18]
1366:SubMenuParam[41][19]
1367:SubMenuParam[41][20]
1368:SubMenuParam[41][21]
1369:SubMenuParam[41][22]
1370:SubMenuParam[41][23]
1371:SubMenuParam[41][24]
1372:SubMenuParam[41][25]
1373:SubMenuParam[41][26]
1374:SubMenuParam[41][27]
1375:SubMenuParam[42][0]
1376:SubMenuParam[42][1]
1377:SubMenuParam[42][2]
1378:SubMenuParam[42][3]
1379:SubMenuParam[42][4]
1380:SubMenuParam[42][5]
1381:SubMenuParam[42][6]
1382:SubMenuParam[42][7]
1383:SubMenuParam[42][8]
1384:SubMenuParam[42][9]
1385:SubMenuParam[42][10]
1386:SubMenuParam[42][11]
1387:SubMenuParam[42][12]
1388:SubMenuParam[42][13]
1389:SubMenuParam[42][14]
1390:SubMenuParam[42][15]
1391:SubMenuParam[42][16]
1392:SubMenuParam[42][17]
1393:SubMenuParam[42][18]
1394:SubMenuParam[42][19]
1395:SubMenuParam[42][20]
1396:SubMenuParam[42][21]
1397:SubMenuParam[42][22]
1398:SubMenuParam[42][23]
1399:SubMenuParam[42][24]
1400:SubMenuParam[42][25]
1401:SubMenuParam[42][26]
1402:SubMenuParam[42][27]
1403:SubMenuParam[43][0]
1404:SubMenuParam[43][1]
1405:SubMenuParam[43][2]
1406:SubMenuParam[43][3]
1407:SubMenuParam[43][4]
1408:SubMenuParam[43][5]
1409:SubMenuParam[43][6]
1410:SubMenuParam[43][7]
1411:SubMenuParam[43][8]
1412:SubMenuParam[43][9]
1413:SubMenuParam[43][10]
1414:SubMenuParam[43][11]
1415:SubMenuParam[43][12]
1416:SubMenuParam[43][13]
1417:SubMenuParam[43][14]
1418:SubMenuParam[43][15]
1419:SubMenuParam[43][16]
1420:SubMenuParam[43][17]
1421:SubMenuParam[43][18]
1422:SubMenuParam[43][19]
1423:SubMenuParam[43][20]
1424:SubMenuParam[43][21]
1425:SubMenuParam[43][22]
1426:SubMenuParam[43][23]
1427:SubMenuParam[43][24]
1428:SubMenuParam[43][25]
1429:SubMenuParam[43][26]
1430:SubMenuParam[43][27]
1431:SubMenuParam[44][0]
1432:SubMenuParam[44][1]
1433:SubMenuParam[44][2]
1434:SubMenuParam[44][3]
1435:SubMenuParam[44][4]
1436:SubMenuParam[44][5]
1437:SubMenuParam[44][6]
1438:SubMenuParam[44][7]
1439:SubMenuParam[44][8]
1440:SubMenuParam[44][9]
1441:SubMenuParam[44][10]
1442:SubMenuParam[44][11]
1443:SubMenuParam[44][12]
1444:SubMenuParam[44][13]
1445:SubMenuParam[44][14]
1446:SubMenuParam[44][15]
1447:SubMenuParam[44][16]
1448:SubMenuParam[44][17]
1449:SubMenuParam[44][18]
1450:SubMenuParam[44][19]
1451:SubMenuParam[44][20]
1452:SubMenuParam[44][21]
1453:SubMenuParam[44][22]
1454:SubMenuParam[44][23]
1455:SubMenuParam[44][24]
1456:SubMenuParam[44][25]
1457:SubMenuParam[44][26]
1458:SubMenuParam[44][27]
1459:SubMenuParam[45][0]
1460:SubMenuParam[45][1]
1461:SubMenuParam[45][2]
1462:SubMenuParam[45][3]
1463:SubMenuParam[45][4]
1464:SubMenuParam[45][5]
1465:SubMenuParam[45][6]
1466:SubMenuParam[45][7]
1467:SubMenuParam[45][8]
1468:SubMenuParam[45][9]
1469:SubMenuParam[45][10]
1470:SubMenuParam[45][11]
1471:SubMenuParam[45][12]
1472:SubMenuParam[45][13]
1473:SubMenuParam[45][14]
1474:SubMenuParam[45][15]
1475:SubMenuParam[45][16]
1476:SubMenuParam[45][17]
1477:SubMenuParam[45][18]
1478:SubMenuParam[45][19]
1479:SubMenuParam[45][20]
1480:SubMenuParam[45][21]
1481:SubMenuParam[45][22]
1482:SubMenuParam[45][23]
1483:SubMenuParam[45][24]
1484:SubMenuParam[45][25]
1485:SubMenuParam[45][26]
1486:SubMenuParam[45][27]
1487:SubMenuParam[46][0]
1488:SubMenuParam[46][1]
1489:SubMenuParam[46][2]
1490:SubMenuParam[46][3]
1491:SubMenuParam[46][4]
1492:SubMenuParam[46][5]
1493:SubMenuParam[46][6]
1494:SubMenuParam[46][7]
1495:SubMenuParam[46][8]
1496:SubMenuParam[46][9]
1497:SubMenuParam[46][10]
1498:SubMenuParam[46][11]
1499:SubMenuParam[46][12]
1500:SubMenuParam[46][13]
1501:SubMenuParam[46][14]
1502:SubMenuParam[46][15]
1503:SubMenuParam[46][16]
1504:SubMenuParam[46][17]
1505:SubMenuParam[46][18]
1506:SubMenuParam[46][19]
1507:SubMenuParam[46][20]
1508:SubMenuParam[46][21]
1509:SubMenuParam[46][22]
1510:SubMenuParam[46][23]
1511:SubMenuParam[46][24]
1512:SubMenuParam[46][25]
1513:SubMenuParam[46][26]
1514:SubMenuParam[46][27]
1515:SubMenuParam[47][0]
1516:SubMenuParam[47][1]
1517:SubMenuParam[47][2]
1518:SubMenuParam[47][3]
1519:SubMenuParam[47][4]
1520:SubMenuParam[47][5]
1521:SubMenuParam[47][6]
1522:SubMenuParam[47][7]
1523:SubMenuParam[47][8]
1524:SubMenuParam[47][9]
1525:SubMenuParam[47][10]
1526:SubMenuParam[47][11]
1527:SubMenuParam[47][12]
1528:SubMenuParam[47][13]
1529:SubMenuParam[47][14]
1530:SubMenuParam[47][15]
1531:SubMenuParam[47][16]
1532:SubMenuParam[47][17]
1533:SubMenuParam[47][18]
1534:SubMenuParam[47][19]
1535:SubMenuParam[47][20]
1536:SubMenuParam[47][21]
1537:SubMenuParam[47][22]
1538:SubMenuParam[47][23]
1539:SubMenuParam[47][24]
1540:SubMenuParam[47][25]
1541:SubMenuParam[47][26]
1542:SubMenuParam[47][27]
1543:SubMenuParam[48][0]
1544:SubMenuParam[48][1]
1545:SubMenuParam[48][2]
1546:SubMenuParam[48][3]
1547:SubMenuParam[48][4]
1548:SubMenuParam[48][5]
1549:SubMenuParam[48][6]
1550:SubMenuParam[48][7]
1551:SubMenuParam[48][8]
1552:SubMenuParam[48][9]
1553:SubMenuParam[48][10]
1554:SubMenuParam[48][11]
1555:SubMenuParam[48][12]
1556:SubMenuParam[48][13]
1557:SubMenuParam[48][14]
1558:SubMenuParam[48][15]
1559:SubMenuParam[48][16]
1560:SubMenuParam[48][17]
1561:SubMenuParam[48][18]
1562:SubMenuParam[48][19]
1563:SubMenuParam[48][20]
1564:SubMenuParam[48][21]
1565:SubMenuParam[48][22]
1566:SubMenuParam[48][23]
1567:SubMenuParam[48][24]
1568:SubMenuParam[48][25]
1569:SubMenuParam[48][26]
1570:SubMenuParam[48][27]
1571:SubMenuParam[49][0]
1572:SubMenuParam[49][1]
1573:SubMenuParam[49][2]
1574:SubMenuParam[49][3]
1575:SubMenuParam[49][4]
1576:SubMenuParam[49][5]
1577:SubMenuParam[49][6]
1578:SubMenuParam[49][7]
1579:SubMenuParam[49][8]
1580:SubMenuParam[49][9]
1581:SubMenuParam[49][10]
1582:SubMenuParam[49][11]
1583:SubMenuParam[49][12]
1584:SubMenuParam[49][13]
1585:SubMenuParam[49][14]
1586:SubMenuParam[49][15]
1587:SubMenuParam[49][16]
1588:SubMenuParam[49][17]
1589:SubMenuParam[49][18]
1590:SubMenuParam[49][19]
1591:SubMenuParam[49][20]
1592:SubMenuParam[49][21]
1593:SubMenuParam[49][22]
1594:SubMenuParam[49][23]
1595:SubMenuParam[49][24]
1596:SubMenuParam[49][25]
1597:SubMenuParam[49][26]
1598:SubMenuParam[49][27]
1599:SubMenuParam[50][0]
1600:SubMenuParam[50][1]
1601:SubMenuParam[50][2]
1602:SubMenuParam[50][3]
1603:SubMenuParam[50][4]
1604:SubMenuParam[50][5]
1605:SubMenuParam[50][6]
1606:SubMenuParam[50][7]
1607:SubMenuParam[50][8]
1608:SubMenuParam[50][9]
1609:SubMenuParam[50][10]
1610:SubMenuParam[50][11]
1611:SubMenuParam[50][12]
1612:SubMenuParam[50][13]
1613:SubMenuParam[50][14]
1614:SubMenuParam[50][15]
1615:SubMenuParam[50][16]
1616:SubMenuParam[50][17]
1617:SubMenuParam[50][18]
1618:SubMenuParam[50][19]
1619:SubMenuParam[50][20]
1620:SubMenuParam[50][21]
1621:SubMenuParam[50][22]
1622:SubMenuParam[50][23]
1623:SubMenuParam[50][24]
1624:SubMenuParam[50][25]
1625:SubMenuParam[50][26]
1626:SubMenuParam[50][27]
1627:SubMenuParam[51][0]
1628:SubMenuParam[51][1]
1629:SubMenuParam[51][2]
1630:SubMenuParam[51][3]
1631:SubMenuParam[51][4]
1632:SubMenuParam[51][5]
1633:SubMenuParam[51][6]
1634:SubMenuParam[51][7]
1635:SubMenuParam[51][8]
1636:SubMenuParam[51][9]
1637:SubMenuParam[51][10]
1638:SubMenuParam[51][11]
1639:SubMenuParam[51][12]
1640:SubMenuParam[51][13]
1641:SubMenuParam[51][14]
1642:SubMenuParam[51][15]
1643:SubMenuParam[51][16]
1644:SubMenuParam[51][17]
1645:SubMenuParam[51][18]
1646:SubMenuParam[51][19]
1647:SubMenuParam[51][20]
1648:SubMenuParam[51][21]
1649:SubMenuParam[51][22]
1650:SubMenuParam[51][23]
1651:SubMenuParam[51][24]
1652:SubMenuParam[51][25]
1653:SubMenuParam[51][26]
1654:SubMenuParam[51][27]
1655:SubMenuParam[52][0]
1656:SubMenuParam[52][1]
1657:SubMenuParam[52][2]
1658:SubMenuParam[52][3]
1659:SubMenuParam[52][4]
1660:SubMenuParam[52][5]
1661:SubMenuParam[52][6]
1662:SubMenuParam[52][7]
1663:SubMenuParam[52][8]
1664:SubMenuParam[52][9]
1665:SubMenuParam[52][10]
1666:SubMenuParam[52][11]
1667:SubMenuParam[52][12]
1668:SubMenuParam[52][13]
1669:SubMenuParam[52][14]
1670:SubMenuParam[52][15]
1671:SubMenuParam[52][16]
1672:SubMenuParam[52][17]
1673:SubMenuParam[52][18]
1674:SubMenuParam[52][19]
1675:SubMenuParam[52][20]
1676:SubMenuParam[52][21]
1677:SubMenuParam[52][22]
1678:SubMenuParam[52][23]
1679:SubMenuParam[52][24]
1680:SubMenuParam[52][25]
1681:SubMenuParam[52][26]
1682:SubMenuParam[52][27]
1683:SubMenuParam[53][0]
1684:SubMenuParam[53][1]
1685:SubMenuParam[53][2]
1686:SubMenuParam[53][3]
1687:SubMenuParam[53][4]
1688:SubMenuParam[53][5]
1689:SubMenuParam[53][6]
1690:SubMenuParam[53][7]
1691:SubMenuParam[53][8]
1692:SubMenuParam[53][9]
1693:SubMenuParam[53][10]
1694:SubMenuParam[53][11]
1695:SubMenuParam[53][12]
1696:SubMenuParam[53][13]
1697:SubMenuParam[53][14]
1698:SubMenuParam[53][15]
1699:SubMenuParam[53][16]
1700:SubMenuParam[53][17]
1701:SubMenuParam[53][18]
1702:SubMenuParam[53][19]
1703:SubMenuParam[53][20]
1704:SubMenuParam[53][21]
1705:SubMenuParam[53][22]
1706:SubMenuParam[53][23]
1707:SubMenuParam[53][24]
1708:SubMenuParam[53][25]
1709:SubMenuParam[53][26]
1710:SubMenuParam[53][27]
1711:SubMenuParam[54][0]
1712:SubMenuParam[54][1]
1713:SubMenuParam[54][2]
1714:SubMenuParam[54][3]
1715:SubMenuParam[54][4]
1716:SubMenuParam[54][5]
1717:SubMenuParam[54][6]
1718:SubMenuParam[54][7]
1719:SubMenuParam[54][8]
1720:SubMenuParam[54][9]
1721:SubMenuParam[54][10]
1722:SubMenuParam[54][11]
1723:SubMenuParam[54][12]
1724:SubMenuParam[54][13]
1725:SubMenuParam[54][14]
1726:SubMenuParam[54][15]
1727:SubMenuParam[54][16]
1728:SubMenuParam[54][17]
1729:SubMenuParam[54][18]
1730:SubMenuParam[54][19]
1731:SubMenuParam[54][20]
1732:SubMenuParam[54][21]
1733:SubMenuParam[54][22]
1734:SubMenuParam[54][23]
1735:SubMenuParam[54][24]
1736:SubMenuParam[54][25]
1737:SubMenuParam[54][26]
1738:SubMenuParam[54][27]
1739:SubMenuParam[55][0]
1740:SubMenuParam[55][1]
1741:SubMenuParam[55][2]
1742:SubMenuParam[55][3]
1743:SubMenuParam[55][4]
1744:SubMenuParam[55][5]
1745:SubMenuParam[55][6]
1746:SubMenuParam[55][7]
1747:SubMenuParam[55][8]
1748:SubMenuParam[55][9]
1749:SubMenuParam[55][10]
1750:SubMenuParam[55][11]
1751:SubMenuParam[55][12]
1752:SubMenuParam[55][13]
1753:SubMenuParam[55][14]
1754:SubMenuParam[55][15]
1755:SubMenuParam[55][16]
1756:SubMenuParam[55][17]
1757:SubMenuParam[55][18]
1758:SubMenuParam[55][19]
1759:SubMenuParam[55][20]
1760:SubMenuParam[55][21]
1761:SubMenuParam[55][22]
1762:SubMenuParam[55][23]
1763:SubMenuParam[55][24]
1764:SubMenuParam[55][25]
1765:SubMenuParam[55][26]
1766:SubMenuParam[55][27]
1767:SubMenuParam[56][0]
1768:SubMenuParam[56][1]
1769:SubMenuParam[56][2]
1770:SubMenuParam[56][3]
1771:SubMenuParam[56][4]
1772:SubMenuParam[56][5]
1773:SubMenuParam[56][6]
1774:SubMenuParam[56][7]
1775:SubMenuParam[56][8]
1776:SubMenuParam[56][9]
1777:SubMenuParam[56][10]
1778:SubMenuParam[56][11]
1779:SubMenuParam[56][12]
1780:SubMenuParam[56][13]
1781:SubMenuParam[56][14]
1782:SubMenuParam[56][15]
1783:SubMenuParam[56][16]
1784:SubMenuParam[56][17]
1785:SubMenuParam[56][18]
1786:SubMenuParam[56][19]
1787:SubMenuParam[56][20]
1788:SubMenuParam[56][21]
1789:SubMenuParam[56][22]
1790:SubMenuParam[56][23]
1791:SubMenuParam[56][24]
1792:SubMenuParam[56][25]
1793:SubMenuParam[56][26]
1794:SubMenuParam[56][27]
1795:SubMenuParam[57][0]
1796:SubMenuParam[57][1]
1797:SubMenuParam[57][2]
1798:SubMenuParam[57][3]
1799:SubMenuParam[57][4]
1800:SubMenuParam[57][5]
1801:SubMenuParam[57][6]
1802:SubMenuParam[57][7]
1803:SubMenuParam[57][8]
1804:SubMenuParam[57][9]
1805:SubMenuParam[57][10]
1806:SubMenuParam[57][11]
1807:SubMenuParam[57][12]
1808:SubMenuParam[57][13]
1809:SubMenuParam[57][14]
1810:SubMenuParam[57][15]
1811:SubMenuParam[57][16]
1812:SubMenuParam[57][17]
1813:SubMenuParam[57][18]
1814:SubMenuParam[57][19]
1815:SubMenuParam[57][20]
1816:SubMenuParam[57][21]
1817:SubMenuParam[57][22]
1818:SubMenuParam[57][23]
1819:SubMenuParam[57][24]
1820:SubMenuParam[57][25]
1821:SubMenuParam[57][26]
1822:SubMenuParam[57][27]
1823:SubMenuParam[58][0]
1824:SubMenuParam[58][1]
1825:SubMenuParam[58][2]
1826:SubMenuParam[58][3]
1827:SubMenuParam[58][4]
1828:SubMenuParam[58][5]
1829:SubMenuParam[58][6]
1830:SubMenuParam[58][7]
1831:SubMenuParam[58][8]
1832:SubMenuParam[58][9]
1833:SubMenuParam[58][10]
1834:SubMenuParam[58][11]
1835:SubMenuParam[58][12]
1836:SubMenuParam[58][13]
1837:SubMenuParam[58][14]
1838:SubMenuParam[58][15]
1839:SubMenuParam[58][16]
1840:SubMenuParam[58][17]
1841:SubMenuParam[58][18]
1842:SubMenuParam[58][19]
1843:SubMenuParam[58][20]
1844:SubMenuParam[58][21]
1845:SubMenuParam[58][22]
1846:SubMenuParam[58][23]
1847:SubMenuParam[58][24]
1848:SubMenuParam[58][25]
1849:SubMenuParam[58][26]
1850:SubMenuParam[58][27]
1851:SubMenuParam[59][0]
1852:SubMenuParam[59][1]
1853:SubMenuParam[59][2]
1854:SubMenuParam[59][3]
1855:SubMenuParam[59][4]
1856:SubMenuParam[59][5]
1857:SubMenuParam[59][6]
1858:SubMenuParam[59][7]
1859:SubMenuParam[59][8]
1860:SubMenuParam[59][9]
1861:SubMenuParam[59][10]
1862:SubMenuParam[59][11]
1863:SubMenuParam[59][12]
1864:SubMenuParam[59][13]
1865:SubMenuParam[59][14]
1866:SubMenuParam[59][15]
1867:SubMenuParam[59][16]
1868:SubMenuParam[59][17]
1869:SubMenuParam[59][18]
1870:SubMenuParam[59][19]
1871:SubMenuParam[59][20]
1872:SubMenuParam[59][21]
1873:SubMenuParam[59][22]
1874:SubMenuParam[59][23]
1875:SubMenuParam[59][24]
1876:SubMenuParam[59][25]
1877:SubMenuParam[59][26]
1878:SubMenuParam[59][27]
1879:SubMenuParam[60][0]
1880:SubMenuParam[60][1]
1881:SubMenuParam[60][2]
1882:SubMenuParam[60][3]
1883:SubMenuParam[60][4]
1884:SubMenuParam[60][5]
1885:SubMenuParam[60][6]
1886:SubMenuParam[60][7]
1887:SubMenuParam[60][8]
1888:SubMenuParam[60][9]
1889:SubMenuParam[60][10]
1890:SubMenuParam[60][11]
1891:SubMenuParam[60][12]
1892:SubMenuParam[60][13]
1893:SubMenuParam[60][14]
1894:SubMenuParam[60][15]
1895:SubMenuParam[60][16]
1896:SubMenuParam[60][17]
1897:SubMenuParam[60][18]
1898:SubMenuParam[60][19]
1899:SubMenuParam[60][20]
1900:SubMenuParam[60][21]
1901:SubMenuParam[60][22]
1902:SubMenuParam[60][23]
1903:SubMenuParam[60][24]
1904:SubMenuParam[60][25]
1905:SubMenuParam[60][26]
1906:SubMenuParam[60][27]
1907:SubMenuParam[61][0]
1908:SubMenuParam[61][1]
1909:SubMenuParam[61][2]
1910:SubMenuParam[61][3]
1911:SubMenuParam[61][4]
1912:SubMenuParam[61][5]
1913:SubMenuParam[61][6]
1914:SubMenuParam[61][7]
1915:SubMenuParam[61][8]
1916:SubMenuParam[61][9]
1917:SubMenuParam[61][10]
1918:SubMenuParam[61][11]
1919:SubMenuParam[61][12]
1920:SubMenuParam[61][13]
1921:SubMenuParam[61][14]
1922:SubMenuParam[61][15]
1923:SubMenuParam[61][16]
1924:SubMenuParam[61][17]
1925:SubMenuParam[61][18]
1926:SubMenuParam[61][19]
1927:SubMenuParam[61][20]
1928:SubMenuParam[61][21]
1929:SubMenuParam[61][22]
1930:SubMenuParam[61][23]
1931:SubMenuParam[61][24]
1932:SubMenuParam[61][25]
1933:SubMenuParam[61][26]
1934:SubMenuParam[61][27]
1935:SubMenuParam[62][0]
1936:SubMenuParam[62][1]
1937:SubMenuParam[62][2]
1938:SubMenuParam[62][3]
1939:SubMenuParam[62][4]
1940:SubMenuParam[62][5]
1941:SubMenuParam[62][6]
1942:SubMenuParam[62][7]
1943:SubMenuParam[62][8]
1944:SubMenuParam[62][9]
1945:SubMenuParam[62][10]
1946:SubMenuParam[62][11]
1947:SubMenuParam[62][12]
1948:SubMenuParam[62][13]
1949:SubMenuParam[62][14]
1950:SubMenuParam[62][15]
1951:SubMenuParam[62][16]
1952:SubMenuParam[62][17]
1953:SubMenuParam[62][18]
1954:SubMenuParam[62][19]
1955:SubMenuParam[62][20]
1956:SubMenuParam[62][21]
1957:SubMenuParam[62][22]
1958:SubMenuParam[62][23]
1959:SubMenuParam[62][24]
1960:SubMenuParam[62][25]
1961:SubMenuParam[62][26]
1962:SubMenuParam[62][27]
1963:SubMenuParam[63][0]
1964:SubMenuParam[63][1]
1965:SubMenuParam[63][2]
1966:SubMenuParam[63][3]
1967:SubMenuParam[63][4]
1968:SubMenuParam[63][5]
1969:SubMenuParam[63][6]
1970:SubMenuParam[63][7]
1971:SubMenuParam[63][8]
1972:SubMenuParam[63][9]
1973:SubMenuParam[63][10]
1974:SubMenuParam[63][11]
1975:SubMenuParam[63][12]
1976:SubMenuParam[63][13]
1977:SubMenuParam[63][14]
1978:SubMenuParam[63][15]
1979:SubMenuParam[63][16]
1980:SubMenuParam[63][17]
1981:SubMenuParam[63][18]
1982:SubMenuParam[63][19]
1983:SubMenuParam[63][20]
1984:SubMenuParam[63][21]
1985:SubMenuParam[63][22]
1986:SubMenuParam[63][23]
1987:SubMenuParam[63][24]
1988:SubMenuParam[63][25]
1989:SubMenuParam[63][26]
1990:SubMenuParam[63][27]
1991:SubMenuParam[64][0]
1992:SubMenuParam[64][1]
1993:SubMenuParam[64][2]
1994:SubMenuParam[64][3]
1995:SubMenuParam[64][4]
1996:SubMenuParam[64][5]
1997:SubMenuParam[64][6]
1998:SubMenuParam[64][7]
1999:SubMenuParam[64][8]
2000:SubMenuParam[64][9]
2001:SubMenuParam[64][10]
2002:SubMenuParam[64][11]
2003:SubMenuParam[64][12]
2004:SubMenuParam[64][13]
2005:SubMenuParam[64][14]
2006:SubMenuParam[64][15]
2007:SubMenuParam[64][16]
2008:SubMenuParam[64][17]
2009:SubMenuParam[64][18]
2010:SubMenuParam[64][19]
2011:SubMenuParam[64][20]
2012:SubMenuParam[64][21]
2013:SubMenuParam[64][22]
2014:SubMenuParam[64][23]
2015:SubMenuParam[64][24]
2016:SubMenuParam[64][25]
2017:SubMenuParam[64][26]
2018:SubMenuParam[64][27]
2019:SubMenuParam[65][0]
2020:SubMenuParam[65][1]
2021:SubMenuParam[65][2]
2022:SubMenuParam[65][3]
2023:SubMenuParam[65][4]
2024:SubMenuParam[65][5]
2025:SubMenuParam[65][6]
2026:SubMenuParam[65][7]
2027:SubMenuParam[65][8]
2028:SubMenuParam[65][9]
2029:SubMenuParam[65][10]
2030:SubMenuParam[65][11]
2031:SubMenuParam[65][12]
2032:SubMenuParam[65][13]
2033:SubMenuParam[65][14]
2034:SubMenuParam[65][15]
2035:SubMenuParam[65][16]
2036:SubMenuParam[65][17]
2037:SubMenuParam[65][18]
2038:SubMenuParam[65][19]
2039:SubMenuParam[65][20]
2040:SubMenuParam[65][21]
2041:SubMenuParam[65][22]
2042:SubMenuParam[65][23]
2043:SubMenuParam[65][24]
2044:SubMenuParam[65][25]
2045:SubMenuParam[65][26]
2046:SubMenuParam[65][27]
2047:SubMenuParam[66][0]
2048:SubMenuParam[66][1]
2049:SubMenuParam[66][2]
2050:SubMenuParam[66][3]
2051:SubMenuParam[66][4]
2052:SubMenuParam[66][5]
2053:SubMenuParam[66][6]
2054:SubMenuParam[66][7]
2055:SubMenuParam[66][8]
2056:SubMenuParam[66][9]
2057:SubMenuParam[66][10]
2058:SubMenuParam[66][11]
2059:SubMenuParam[66][12]
2060:SubMenuParam[66][13]
2061:SubMenuParam[66][14]
2062:SubMenuParam[66][15]
2063:SubMenuParam[66][16]
2064:SubMenuParam[66][17]
2065:SubMenuParam[66][18]
2066:SubMenuParam[66][19]
2067:SubMenuParam[66][20]
2068:SubMenuParam[66][21]
2069:SubMenuParam[66][22]
2070:SubMenuParam[66][23]
2071:SubMenuParam[66][24]
2072:SubMenuParam[66][25]
2073:SubMenuParam[66][26]
2074:SubMenuParam[66][27]
2075:SubMenuParam[67][0]
2076:SubMenuParam[67][1]
2077:SubMenuParam[67][2]
2078:SubMenuParam[67][3]
2079:SubMenuParam[67][4]
2080:SubMenuParam[67][5]
2081:SubMenuParam[67][6]
2082:SubMenuParam[67][7]
2083:SubMenuParam[67][8]
2084:SubMenuParam[67][9]
2085:SubMenuParam[67][10]
2086:SubMenuParam[67][11]
2087:SubMenuParam[67][12]
2088:SubMenuParam[67][13]
2089:SubMenuParam[67][14]
2090:SubMenuParam[67][15]
2091:SubMenuParam[67][16]
2092:SubMenuParam[67][17]
2093:SubMenuParam[67][18]
2094:SubMenuParam[67][19]
2095:SubMenuParam[67][20]
2096:SubMenuParam[67][21]
2097:SubMenuParam[67][22]
2098:SubMenuParam[67][23]
2099:SubMenuParam[67][24]
2100:SubMenuParam[67][25]
2101:SubMenuParam[67][26]
2102:SubMenuParam[67][27]
2103:SubMenuParam[68][0]
2104:SubMenuParam[68][1]
2105:SubMenuParam[68][2]
2106:SubMenuParam[68][3]
2107:SubMenuParam[68][4]
2108:SubMenuParam[68][5]
2109:SubMenuParam[68][6]
2110:SubMenuParam[68][7]
2111:SubMenuParam[68][8]
2112:SubMenuParam[68][9]
2113:SubMenuParam[68][10]
2114:SubMenuParam[68][11]
2115:SubMenuParam[68][12]
2116:SubMenuParam[68][13]
2117:SubMenuParam[68][14]
2118:SubMenuParam[68][15]
2119:SubMenuParam[68][16]
2120:SubMenuParam[68][17]
2121:SubMenuParam[68][18]
2122:SubMenuParam[68][19]
2123:SubMenuParam[68][20]
2124:SubMenuParam[68][21]
2125:SubMenuParam[68][22]
2126:SubMenuParam[68][23]
2127:SubMenuParam[68][24]
2128:SubMenuParam[68][25]
2129:SubMenuParam[68][26]
2130:SubMenuParam[68][27]
2131:SubMenuParam[69][0]
2132:SubMenuParam[69][1]
2133:SubMenuParam[69][2]
2134:SubMenuParam[69][3]
2135:SubMenuParam[69][4]
2136:SubMenuParam[69][5]
2137:SubMenuParam[69][6]
2138:SubMenuParam[69][7]
2139:SubMenuParam[69][8]
2140:SubMenuParam[69][9]
2141:SubMenuParam[69][10]
2142:SubMenuParam[69][11]
2143:SubMenuParam[69][12]
2144:SubMenuParam[69][13]
2145:SubMenuParam[69][14]
2146:SubMenuParam[69][15]
2147:SubMenuParam[69][16]
2148:SubMenuParam[69][17]
2149:SubMenuParam[69][18]
2150:SubMenuParam[69][19]
2151:SubMenuParam[69][20]
2152:SubMenuParam[69][21]
2153:SubMenuParam[69][22]
2154:SubMenuParam[69][23]
2155:SubMenuParam[69][24]
2156:SubMenuParam[69][25]
2157:SubMenuParam[69][26]
2158:SubMenuParam[69][27]
2159:SubMenuParam[70][0]
2160:SubMenuParam[70][1]
2161:SubMenuParam[70][2]
2162:SubMenuParam[70][3]
2163:SubMenuParam[70][4]
2164:SubMenuParam[70][5]
2165:SubMenuParam[70][6]
2166:SubMenuParam[70][7]
2167:SubMenuParam[70][8]
2168:SubMenuParam[70][9]
2169:SubMenuParam[70][10]
2170:SubMenuParam[70][11]
2171:SubMenuParam[70][12]
2172:SubMenuParam[70][13]
2173:SubMenuParam[70][14]
2174:SubMenuParam[70][15]
2175:SubMenuParam[70][16]
2176:SubMenuParam[70][17]
2177:SubMenuParam[70][18]
2178:SubMenuParam[70][19]
2179:SubMenuParam[70][20]
2180:SubMenuParam[70][21]
2181:SubMenuParam[70][22]
2182:SubMenuParam[70][23]
2183:SubMenuParam[70][24]
2184:SubMenuParam[70][25]
2185:SubMenuParam[70][26]
2186:SubMenuParam[70][27]
2187:SubMenuParam[71][0]
2188:SubMenuParam[71][1]
2189:SubMenuParam[71][2]
2190:SubMenuParam[71][3]
2191:SubMenuParam[71][4]
2192:SubMenuParam[71][5]
2193:SubMenuParam[71][6]
2194:SubMenuParam[71][7]
2195:SubMenuParam[71][8]
2196:SubMenuParam[71][9]
2197:SubMenuParam[71][10]
2198:SubMenuParam[71][11]
2199:SubMenuParam[71][12]
2200:SubMenuParam[71][13]
2201:SubMenuParam[71][14]
2202:SubMenuParam[71][15]
2203:SubMenuParam[71][16]
2204:SubMenuParam[71][17]
2205:SubMenuParam[71][18]
2206:SubMenuParam[71][19]
2207:SubMenuParam[71][20]
2208:SubMenuParam[71][21]
2209:SubMenuParam[71][22]
2210:SubMenuParam[71][23]
2211:SubMenuParam[71][24]
2212:SubMenuParam[71][25]
2213:SubMenuParam[71][26]
2214:SubMenuParam[71][27]
2215:SubMenuParam[72][0]
2216:SubMenuParam[72][1]
2217:SubMenuParam[72][2]
2218:SubMenuParam[72][3]
2219:SubMenuParam[72][4]
2220:SubMenuParam[72][5]
2221:SubMenuParam[72][6]
2222:SubMenuParam[72][7]
2223:SubMenuParam[72][8]
2224:SubMenuParam[72][9]
2225:SubMenuParam[72][10]
2226:SubMenuParam[72][11]
2227:SubMenuParam[72][12]
2228:SubMenuParam[72][13]
2229:SubMenuParam[72][14]
2230:SubMenuParam[72][15]
2231:SubMenuParam[72][16]
2232:SubMenuParam[72][17]
2233:SubMenuParam[72][18]
2234:SubMenuParam[72][19]
2235:SubMenuParam[72][20]
2236:SubMenuParam[72][21]
2237:SubMenuParam[72][22]
2238:SubMenuParam[72][23]
2239:SubMenuParam[72][24]
2240:SubMenuParam[72][25]
2241:SubMenuParam[72][26]
2242:SubMenuParam[72][27]
2243:SubMenuParam[73][0]
2244:SubMenuParam[73][1]
2245:SubMenuParam[73][2]
2246:SubMenuParam[73][3]
2247:SubMenuParam[73][4]
2248:SubMenuParam[73][5]
2249:SubMenuParam[73][6]
2250:SubMenuParam[73][7]
2251:SubMenuParam[73][8]
2252:SubMenuParam[73][9]
2253:SubMenuParam[73][10]
2254:SubMenuParam[73][11]
2255:SubMenuParam[73][12]
2256:SubMenuParam[73][13]
2257:SubMenuParam[73][14]
2258:SubMenuParam[73][15]
2259:SubMenuParam[73][16]
2260:SubMenuParam[73][17]
2261:SubMenuParam[73][18]
2262:SubMenuParam[73][19]
2263:SubMenuParam[73][20]
2264:SubMenuParam[73][21]
2265:SubMenuParam[73][22]
2266:SubMenuParam[73][23]
2267:SubMenuParam[73][24]
2268:SubMenuParam[73][25]
2269:SubMenuParam[73][26]
2270:SubMenuParam[73][27]
2271:SubMenuParam[74][0]
2272:SubMenuParam[74][1]
2273:SubMenuParam[74][2]
2274:SubMenuParam[74][3]
2275:SubMenuParam[74][4]
2276:SubMenuParam[74][5]
2277:SubMenuParam[74][6]
2278:SubMenuParam[74][7]
2279:SubMenuParam[74][8]
2280:SubMenuParam[74][9]
2281:SubMenuParam[74][10]
2282:SubMenuParam[74][11]
2283:SubMenuParam[74][12]
2284:SubMenuParam[74][13]
2285:SubMenuParam[74][14]
2286:SubMenuParam[74][15]
2287:SubMenuParam[74][16]
2288:SubMenuParam[74][17]
2289:SubMenuParam[74][18]
2290:SubMenuParam[74][19]
2291:SubMenuParam[74][20]
2292:SubMenuParam[74][21]
2293:SubMenuParam[74][22]
2294:SubMenuParam[74][23]
2295:SubMenuParam[74][24]
2296:SubMenuParam[74][25]
2297:SubMenuParam[74][26]
2298:SubMenuParam[74][27]
2299:SubMenuParam[75][0]
2300:SubMenuParam[75][1]
2301:SubMenuParam[75][2]
2302:SubMenuParam[75][3]
2303:SubMenuParam[75][4]
2304:SubMenuParam[75][5]
2305:SubMenuParam[75][6]
2306:SubMenuParam[75][7]
2307:SubMenuParam[75][8]
2308:SubMenuParam[75][9]
2309:SubMenuParam[75][10]
2310:SubMenuParam[75][11]
2311:SubMenuParam[75][12]
2312:SubMenuParam[75][13]
2313:SubMenuParam[75][14]
2314:SubMenuParam[75][15]
2315:SubMenuParam[75][16]
2316:SubMenuParam[75][17]
2317:SubMenuParam[75][18]
2318:SubMenuParam[75][19]
2319:SubMenuParam[75][20]
2320:SubMenuParam[75][21]
2321:SubMenuParam[75][22]
2322:SubMenuParam[75][23]
2323:SubMenuParam[75][24]
2324:SubMenuParam[75][25]
2325:SubMenuParam[75][26]
2326:SubMenuParam[75][27]
2327:SubMenuParam[76][0]
2328:SubMenuParam[76][1]
2329:SubMenuParam[76][2]
2330:SubMenuParam[76][3]
2331:SubMenuParam[76][4]
2332:SubMenuParam[76][5]
2333:SubMenuParam[76][6]
2334:SubMenuParam[76][7]
2335:SubMenuParam[76][8]
2336:SubMenuParam[76][9]
2337:SubMenuParam[76][10]
2338:SubMenuParam[76][11]
2339:SubMenuParam[76][12]
2340:SubMenuParam[76][13]
2341:SubMenuParam[76][14]
2342:SubMenuParam[76][15]
2343:SubMenuParam[76][16]
2344:SubMenuParam[76][17]
2345:SubMenuParam[76][18]
2346:SubMenuParam[76][19]
2347:SubMenuParam[76][20]
2348:SubMenuParam[76][21]
2349:SubMenuParam[76][22]
2350:SubMenuParam[76][23]
2351:SubMenuParam[76][24]
2352:SubMenuParam[76][25]
2353:SubMenuParam[76][26]
2354:SubMenuParam[76][27]
2355:SubMenuParam[77][0]
2356:SubMenuParam[77][1]
2357:SubMenuParam[77][2]
2358:SubMenuParam[77][3]
2359:SubMenuParam[77][4]
2360:SubMenuParam[77][5]
2361:SubMenuParam[77][6]
2362:SubMenuParam[77][7]
2363:SubMenuParam[77][8]
2364:SubMenuParam[77][9]
2365:SubMenuParam[77][10]
2366:SubMenuParam[77][11]
2367:SubMenuParam[77][12]
2368:SubMenuParam[77][13]
2369:SubMenuParam[77][14]
2370:SubMenuParam[77][15]
2371:SubMenuParam[77][16]
2372:SubMenuParam[77][17]
2373:SubMenuParam[77][18]
2374:SubMenuParam[77][19]
2375:SubMenuParam[77][20]
2376:SubMenuParam[77][21]
2377:SubMenuParam[77][22]
2378:SubMenuParam[77][23]
2379:SubMenuParam[77][24]
2380:SubMenuParam[77][25]
2381:SubMenuParam[77][26]
2382:SubMenuParam[77][27]
2383:SubMenuParam[78][0]
2384:SubMenuParam[78][1]
2385:SubMenuParam[78][2]
2386:SubMenuParam[78][3]
2387:SubMenuParam[78][4]
2388:SubMenuParam[78][5]
2389:SubMenuParam[78][6]
2390:SubMenuParam[78][7]
2391:SubMenuParam[78][8]
2392:SubMenuParam[78][9]
2393:SubMenuParam[78][10]
2394:SubMenuParam[78][11]
2395:SubMenuParam[78][12]
2396:SubMenuParam[78][13]
2397:SubMenuParam[78][14]
2398:SubMenuParam[78][15]
2399:SubMenuParam[78][16]
2400:SubMenuParam[78][17]
2401:SubMenuParam[78][18]
2402:SubMenuParam[78][19]
2403:SubMenuParam[78][20]
2404:SubMenuParam[78][21]
2405:SubMenuParam[78][22]
2406:SubMenuParam[78][23]
2407:SubMenuParam[78][24]
2408:SubMenuParam[78][25]
2409:SubMenuParam[78][26]
2410:SubMenuParam[78][27]
2411:SubMenuParam[79][0]
2412:SubMenuParam[79][1]
2413:SubMenuParam[79][2]
2414:SubMenuParam[79][3]
2415:SubMenuParam[79][4]
2416:SubMenuParam[79][5]
2417:SubMenuParam[79][6]
2418:SubMenuParam[79][7]
2419:SubMenuParam[79][8]
2420:SubMenuParam[79][9]
2421:SubMenuParam[79][10]
2422:SubMenuParam[79][11]
2423:SubMenuParam[79][12]
2424:SubMenuParam[79][13]
2425:SubMenuParam[79][14]
2426:SubMenuParam[79][15]
2427:SubMenuParam[79][16]
2428:SubMenuParam[79][17]
2429:SubMenuParam[79][18]
2430:SubMenuParam[79][19]
2431:SubMenuParam[79][20]
2432:SubMenuParam[79][21]
2433:SubMenuParam[79][22]
2434:SubMenuParam[79][23]
2435:SubMenuParam[79][24]
2436:SubMenuParam[79][25]
2437:SubMenuParam[79][26]
2438:SubMenuParam[79][27]
2439:SubMenuParam[80][0]
2440:SubMenuParam[80][1]
2441:SubMenuParam[80][2]
2442:SubMenuParam[80][3]
2443:SubMenuParam[80][4]
2444:SubMenuParam[80][5]
2445:SubMenuParam[80][6]
2446:SubMenuParam[80][7]
2447:SubMenuParam[80][8]
2448:SubMenuParam[80][9]
2449:SubMenuParam[80][10]
2450:SubMenuParam[80][11]
2451:SubMenuParam[80][12]
2452:SubMenuParam[80][13]
2453:SubMenuParam[80][14]
2454:SubMenuParam[80][15]
2455:SubMenuParam[80][16]
2456:SubMenuParam[80][17]
2457:SubMenuParam[80][18]
2458:SubMenuParam[80][19]
2459:SubMenuParam[80][20]
2460:SubMenuParam[80][21]
2461:SubMenuParam[80][22]
2462:SubMenuParam[80][23]
2463:SubMenuParam[80][24]
2464:SubMenuParam[80][25]
2465:SubMenuParam[80][26]
2466:SubMenuParam[80][27]
2467:SubMenuParam[81][0]
2468:SubMenuParam[81][1]
2469:SubMenuParam[81][2]
2470:SubMenuParam[81][3]
2471:SubMenuParam[81][4]
2472:SubMenuParam[81][5]
2473:SubMenuParam[81][6]
2474:SubMenuParam[81][7]
2475:SubMenuParam[81][8]
2476:SubMenuParam[81][9]
2477:SubMenuParam[81][10]
2478:SubMenuParam[81][11]
2479:SubMenuParam[81][12]
2480:SubMenuParam[81][13]
2481:SubMenuParam[81][14]
2482:SubMenuParam[81][15]
2483:SubMenuParam[81][16]
2484:SubMenuParam[81][17]
2485:SubMenuParam[81][18]
2486:SubMenuParam[81][19]
2487:SubMenuParam[81][20]
2488:SubMenuParam[81][21]
2489:SubMenuParam[81][22]
2490:SubMenuParam[81][23]
2491:SubMenuParam[81][24]
2492:SubMenuParam[81][25]
2493:SubMenuParam[81][26]
2494:SubMenuParam[81][27]
2495:SubMenuParam[82][0]
2496:SubMenuParam[82][1]
2497:SubMenuParam[82][2]
2498:SubMenuParam[82][3]
2499:SubMenuParam[82][4]
2500:SubMenuParam[82][5]
2501:SubMenuParam[82][6]
2502:SubMenuParam[82][7]
2503:SubMenuParam[82][8]
2504:SubMenuParam[82][9]
2505:SubMenuParam[82][10]
2506:SubMenuParam[82][11]
2507:SubMenuParam[82][12]
2508:SubMenuParam[82][13]
2509:SubMenuParam[82][14]
2510:SubMenuParam[82][15]
2511:SubMenuParam[82][16]
2512:SubMenuParam[82][17]
2513:SubMenuParam[82][18]
2514:SubMenuParam[82][19]
2515:SubMenuParam[82][20]
2516:SubMenuParam[82][21]
2517:SubMenuParam[82][22]
2518:SubMenuParam[82][23]
2519:SubMenuParam[82][24]
2520:SubMenuParam[82][25]
2521:SubMenuParam[82][26]
2522:SubMenuParam[82][27]
2523:SubMenuParam[83][0]
2524:SubMenuParam[83][1]
2525:SubMenuParam[83][2]
2526:SubMenuParam[83][3]
2527:SubMenuParam[83][4]
2528:SubMenuParam[83][5]
2529:SubMenuParam[83][6]
2530:SubMenuParam[83][7]
2531:SubMenuParam[83][8]
2532:SubMenuParam[83][9]
2533:SubMenuParam[83][10]
2534:SubMenuParam[83][11]
2535:SubMenuParam[83][12]
2536:SubMenuParam[83][13]
2537:SubMenuParam[83][14]
2538:SubMenuParam[83][15]
2539:SubMenuParam[83][16]
2540:SubMenuParam[83][17]
2541:SubMenuParam[83][18]
2542:SubMenuParam[83][19]
2543:SubMenuParam[83][20]
2544:SubMenuParam[83][21]
2545:SubMenuParam[83][22]
2546:SubMenuParam[83][23]
2547:SubMenuParam[83][24]
2548:SubMenuParam[83][25]
2549:SubMenuParam[83][26]
2550:SubMenuParam[83][27]
2551:SubMenuParam[84][0]
2552:SubMenuParam[84][1]
2553:SubMenuParam[84][2]
2554:SubMenuParam[84][3]
2555:SubMenuParam[84][4]
2556:SubMenuParam[84][5]
2557:SubMenuParam[84][6]
2558:SubMenuParam[84][7]
2559:SubMenuParam[84][8]
2560:SubMenuParam[84][9]
2561:SubMenuParam[84][10]
2562:SubMenuParam[84][11]
2563:SubMenuParam[84][12]
2564:SubMenuParam[84][13]
2565:SubMenuParam[84][14]
2566:SubMenuParam[84][15]
2567:SubMenuParam[84][16]
2568:SubMenuParam[84][17]
2569:SubMenuParam[84][18]
2570:SubMenuParam[84][19]
2571:SubMenuParam[84][20]
2572:SubMenuParam[84][21]
2573:SubMenuParam[84][22]
2574:SubMenuParam[84][23]
2575:SubMenuParam[84][24]
2576:SubMenuParam[84][25]
2577:SubMenuParam[84][26]
2578:SubMenuParam[84][27]
2579:SubMenuParam[85][0]
2580:SubMenuParam[85][1]
2581:SubMenuParam[85][2]
2582:SubMenuParam[85][3]
2583:SubMenuParam[85][4]
2584:SubMenuParam[85][5]
2585:SubMenuParam[85][6]
2586:SubMenuParam[85][7]
2587:SubMenuParam[85][8]
2588:SubMenuParam[85][9]
2589:SubMenuParam[85][10]
2590:SubMenuParam[85][11]
2591:SubMenuParam[85][12]
2592:SubMenuParam[85][13]
2593:SubMenuParam[85][14]
2594:SubMenuParam[85][15]
2595:SubMenuParam[85][16]
2596:SubMenuParam[85][17]
2597:SubMenuParam[85][18]
2598:SubMenuParam[85][19]
2599:SubMenuParam[85][20]
2600:SubMenuParam[85][21]
2601:SubMenuParam[85][22]
2602:SubMenuParam[85][23]
2603:SubMenuParam[85][24]
2604:SubMenuParam[85][25]
2605:SubMenuParam[85][26]
2606:SubMenuParam[85][27]
2607:SubMenuParam[86][0]
2608:SubMenuParam[86][1]
2609:SubMenuParam[86][2]
2610:SubMenuParam[86][3]
2611:SubMenuParam[86][4]
2612:SubMenuParam[86][5]
2613:SubMenuParam[86][6]
2614:SubMenuParam[86][7]
2615:SubMenuParam[86][8]
2616:SubMenuParam[86][9]
2617:SubMenuParam[86][10]
2618:SubMenuParam[86][11]
2619:SubMenuParam[86][12]
2620:SubMenuParam[86][13]
2621:SubMenuParam[86][14]
2622:SubMenuParam[86][15]
2623:SubMenuParam[86][16]
2624:SubMenuParam[86][17]
2625:SubMenuParam[86][18]
2626:SubMenuParam[86][19]
2627:SubMenuParam[86][20]
2628:SubMenuParam[86][21]
2629:SubMenuParam[86][22]
2630:SubMenuParam[86][23]
2631:SubMenuParam[86][24]
2632:SubMenuParam[86][25]
2633:SubMenuParam[86][26]
2634:SubMenuParam[86][27]
2635:SubMenuParam[87][0]
2636:SubMenuParam[87][1]
2637:SubMenuParam[87][2]
2638:SubMenuParam[87][3]
2639:SubMenuParam[87][4]
2640:SubMenuParam[87][5]
2641:SubMenuParam[87][6]
2642:SubMenuParam[87][7]
2643:SubMenuParam[87][8]
2644:SubMenuParam[87][9]
2645:SubMenuParam[87][10]
2646:SubMenuParam[87][11]
2647:SubMenuParam[87][12]
2648:SubMenuParam[87][13]
2649:SubMenuParam[87][14]
2650:SubMenuParam[87][15]
2651:SubMenuParam[87][16]
2652:SubMenuParam[87][17]
2653:SubMenuParam[87][18]
2654:SubMenuParam[87][19]
2655:SubMenuParam[87][20]
2656:SubMenuParam[87][21]
2657:SubMenuParam[87][22]
2658:SubMenuParam[87][23]
2659:SubMenuParam[87][24]
2660:SubMenuParam[87][25]
2661:SubMenuParam[87][26]
2662:SubMenuParam[87][27]
2663:SubMenuParam[88][0]
2664:SubMenuParam[88][1]
2665:SubMenuParam[88][2]
2666:SubMenuParam[88][3]
2667:SubMenuParam[88][4]
2668:SubMenuParam[88][5]
2669:SubMenuParam[88][6]
2670:SubMenuParam[88][7]
2671:SubMenuParam[88][8]
2672:SubMenuParam[88][9]
2673:SubMenuParam[88][10]
2674:SubMenuParam[88][11]
2675:SubMenuParam[88][12]
2676:SubMenuParam[88][13]
2677:SubMenuParam[88][14]
2678:SubMenuParam[88][15]
2679:SubMenuParam[88][16]
2680:SubMenuParam[88][17]
2681:SubMenuParam[88][18]
2682:SubMenuParam[88][19]
2683:SubMenuParam[88][20]
2684:SubMenuParam[88][21]
2685:SubMenuParam[88][22]
2686:SubMenuParam[88][23]
2687:SubMenuParam[88][24]
2688:SubMenuParam[88][25]
2689:SubMenuParam[88][26]
2690:SubMenuParam[88][27]
2691:SubMenuParam[89][0]
2692:SubMenuParam[89][1]
2693:SubMenuParam[89][2]
2694:SubMenuParam[89][3]
2695:SubMenuParam[89][4]
2696:SubMenuParam[89][5]
2697:SubMenuParam[89][6]
2698:SubMenuParam[89][7]
2699:SubMenuParam[89][8]
2700:SubMenuParam[89][9]
2701:SubMenuParam[89][10]
2702:SubMenuParam[89][11]
2703:SubMenuParam[89][12]
2704:SubMenuParam[89][13]
2705:SubMenuParam[89][14]
2706:SubMenuParam[89][15]
2707:SubMenuParam[89][16]
2708:SubMenuParam[89][17]
2709:SubMenuParam[89][18]
2710:SubMenuParam[89][19]
2711:SubMenuParam[89][20]
2712:SubMenuParam[89][21]
2713:SubMenuParam[89][22]
2714:SubMenuParam[89][23]
2715:SubMenuParam[89][24]
2716:SubMenuParam[89][25]
2717:SubMenuParam[89][26]
2718:SubMenuParam[89][27]
2719:SubMenuParam[90][0]
2720:SubMenuParam[90][1]
2721:SubMenuParam[90][2]
2722:SubMenuParam[90][3]
2723:SubMenuParam[90][4]
2724:SubMenuParam[90][5]
2725:SubMenuParam[90][6]
2726:SubMenuParam[90][7]
2727:SubMenuParam[90][8]
2728:SubMenuParam[90][9]
2729:SubMenuParam[90][10]
2730:SubMenuParam[90][11]
2731:SubMenuParam[90][12]
2732:SubMenuParam[90][13]
2733:SubMenuParam[90][14]
2734:SubMenuParam[90][15]
2735:SubMenuParam[90][16]
2736:SubMenuParam[90][17]
2737:SubMenuParam[90][18]
2738:SubMenuParam[90][19]
2739:SubMenuParam[90][20]
2740:SubMenuParam[90][21]
2741:SubMenuParam[90][22]
2742:SubMenuParam[90][23]
2743:SubMenuParam[90][24]
2744:SubMenuParam[90][25]
2745:SubMenuParam[90][26]
2746:SubMenuParam[90][27]
2747:SubMenuParam[91][0]
2748:SubMenuParam[91][1]
2749:SubMenuParam[91][2]
2750:SubMenuParam[91][3]
2751:SubMenuParam[91][4]
2752:SubMenuParam[91][5]
2753:SubMenuParam[91][6]
2754:SubMenuParam[91][7]
2755:SubMenuParam[91][8]
2756:SubMenuParam[91][9]
2757:SubMenuParam[91][10]
2758:SubMenuParam[91][11]
2759:SubMenuParam[91][12]
2760:SubMenuParam[91][13]
2761:SubMenuParam[91][14]
2762:SubMenuParam[91][15]
2763:SubMenuParam[91][16]
2764:SubMenuParam[91][17]
2765:SubMenuParam[91][18]
2766:SubMenuParam[91][19]
2767:SubMenuParam[91][20]
2768:SubMenuParam[91][21]
2769:SubMenuParam[91][22]
2770:SubMenuParam[91][23]
2771:SubMenuParam[91][24]
2772:SubMenuParam[91][25]
2773:SubMenuParam[91][26]
2774:SubMenuParam[91][27]
2775:SubMenuParam[92][0]
2776:SubMenuParam[92][1]
2777:SubMenuParam[92][2]
2778:SubMenuParam[92][3]
2779:SubMenuParam[92][4]
2780:SubMenuParam[92][5]
2781:SubMenuParam[92][6]
2782:SubMenuParam[92][7]
2783:SubMenuParam[92][8]
2784:SubMenuParam[92][9]
2785:SubMenuParam[92][10]
2786:SubMenuParam[92][11]
2787:SubMenuParam[92][12]
2788:SubMenuParam[92][13]
2789:SubMenuParam[92][14]
2790:SubMenuParam[92][15]
2791:SubMenuParam[92][16]
2792:SubMenuParam[92][17]
2793:SubMenuParam[92][18]
2794:SubMenuParam[92][19]
2795:SubMenuParam[92][20]
2796:SubMenuParam[92][21]
2797:SubMenuParam[92][22]
2798:SubMenuParam[92][23]
2799:SubMenuParam[92][24]
2800:SubMenuParam[92][25]
2801:SubMenuParam[92][26]
2802:SubMenuParam[92][27]
2803:SubMenuParam[93][0]
2804:SubMenuParam[93][1]
2805:SubMenuParam[93][2]
2806:SubMenuParam[93][3]
2807:SubMenuParam[93][4]
2808:SubMenuParam[93][5]
2809:SubMenuParam[93][6]
2810:SubMenuParam[93][7]
2811:SubMenuParam[93][8]
2812:SubMenuParam[93][9]
2813:SubMenuParam[93][10]
2814:SubMenuParam[93][11]
2815:SubMenuParam[93][12]
2816:SubMenuParam[93][13]
2817:SubMenuParam[93][14]
2818:SubMenuParam[93][15]
2819:SubMenuParam[93][16]
2820:SubMenuParam[93][17]
2821:SubMenuParam[93][18]
2822:SubMenuParam[93][19]
2823:SubMenuParam[93][20]
2824:SubMenuParam[93][21]
2825:SubMenuParam[93][22]
2826:SubMenuParam[93][23]
2827:SubMenuParam[93][24]
2828:SubMenuParam[93][25]
2829:SubMenuParam[93][26]
2830:SubMenuParam[93][27]
2831:SubMenuParam[94][0]
2832:SubMenuParam[94][1]
2833:SubMenuParam[94][2]
2834:SubMenuParam[94][3]
2835:SubMenuParam[94][4]
2836:SubMenuParam[94][5]
2837:SubMenuParam[94][6]
2838:SubMenuParam[94][7]
2839:SubMenuParam[94][8]
2840:SubMenuParam[94][9]
2841:SubMenuParam[94][10]
2842:SubMenuParam[94][11]
2843:SubMenuParam[94][12]
2844:SubMenuParam[94][13]
2845:SubMenuParam[94][14]
2846:SubMenuParam[94][15]
2847:SubMenuParam[94][16]
2848:SubMenuParam[94][17]
2849:SubMenuParam[94][18]
2850:SubMenuParam[94][19]
2851:SubMenuParam[94][20]
2852:SubMenuParam[94][21]
2853:SubMenuParam[94][22]
2854:SubMenuParam[94][23]
2855:SubMenuParam[94][24]
2856:SubMenuParam[94][25]
2857:SubMenuParam[94][26]
2858:SubMenuParam[94][27]
2859:SubMenuParam[95][0]
2860:SubMenuParam[95][1]
2861:SubMenuParam[95][2]
2862:SubMenuParam[95][3]
2863:SubMenuParam[95][4]
2864:SubMenuParam[95][5]
2865:SubMenuParam[95][6]
2866:SubMenuParam[95][7]
2867:SubMenuParam[95][8]
2868:SubMenuParam[95][9]
2869:SubMenuParam[95][10]
2870:SubMenuParam[95][11]
2871:SubMenuParam[95][12]
2872:SubMenuParam[95][13]
2873:SubMenuParam[95][14]
2874:SubMenuParam[95][15]
2875:SubMenuParam[95][16]
2876:SubMenuParam[95][17]
2877:SubMenuParam[95][18]
2878:SubMenuParam[95][19]
2879:SubMenuParam[95][20]
2880:SubMenuParam[95][21]
2881:SubMenuParam[95][22]
2882:SubMenuParam[95][23]
2883:SubMenuParam[95][24]
2884:SubMenuParam[95][25]
2885:SubMenuParam[95][26]
2886:SubMenuParam[95][27]
2887:SubMenuParam[96][0]
2888:SubMenuParam[96][1]
2889:SubMenuParam[96][2]
2890:SubMenuParam[96][3]
2891:SubMenuParam[96][4]
2892:SubMenuParam[96][5]
2893:SubMenuParam[96][6]
2894:SubMenuParam[96][7]
2895:SubMenuParam[96][8]
2896:SubMenuParam[96][9]
2897:SubMenuParam[96][10]
2898:SubMenuParam[96][11]
2899:SubMenuParam[96][12]
2900:SubMenuParam[96][13]
2901:SubMenuParam[96][14]
2902:SubMenuParam[96][15]
2903:SubMenuParam[96][16]
2904:SubMenuParam[96][17]
2905:SubMenuParam[96][18]
2906:SubMenuParam[96][19]
2907:SubMenuParam[96][20]
2908:SubMenuParam[96][21]
2909:SubMenuParam[96][22]
2910:SubMenuParam[96][23]
2911:SubMenuParam[96][24]
2912:SubMenuParam[96][25]
2913:SubMenuParam[96][26]
2914:SubMenuParam[96][27]
2915:SubMenuParam[97][0]
2916:SubMenuParam[97][1]
2917:SubMenuParam[97][2]
2918:SubMenuParam[97][3]
2919:SubMenuParam[97][4]
2920:SubMenuParam[97][5]
2921:SubMenuParam[97][6]
2922:SubMenuParam[97][7]
2923:SubMenuParam[97][8]
2924:SubMenuParam[97][9]
2925:SubMenuParam[97][10]
2926:SubMenuParam[97][11]
2927:SubMenuParam[97][12]
2928:SubMenuParam[97][13]
2929:SubMenuParam[97][14]
2930:SubMenuParam[97][15]
2931:SubMenuParam[97][16]
2932:SubMenuParam[97][17]
2933:SubMenuParam[97][18]
2934:SubMenuParam[97][19]
2935:SubMenuParam[97][20]
2936:SubMenuParam[97][21]
2937:SubMenuParam[97][22]
2938:SubMenuParam[97][23]
2939:SubMenuParam[97][24]
2940:SubMenuParam[97][25]
2941:SubMenuParam[97][26]
2942:SubMenuParam[97][27]
2943:SubMenuParam[98][0]
2944:SubMenuParam[98][1]
2945:SubMenuParam[98][2]
2946:SubMenuParam[98][3]
2947:SubMenuParam[98][4]
2948:SubMenuParam[98][5]
2949:SubMenuParam[98][6]
2950:SubMenuParam[98][7]
2951:SubMenuParam[98][8]
2952:SubMenuParam[98][9]
2953:SubMenuParam[98][10]
2954:SubMenuParam[98][11]
2955:SubMenuParam[98][12]
2956:SubMenuParam[98][13]
2957:SubMenuParam[98][14]
2958:SubMenuParam[98][15]
2959:SubMenuParam[98][16]
2960:SubMenuParam[98][17]
2961:SubMenuParam[98][18]
2962:SubMenuParam[98][19]
2963:SubMenuParam[98][20]
2964:SubMenuParam[98][21]
2965:SubMenuParam[98][22]
2966:SubMenuParam[98][23]
2967:SubMenuParam[98][24]
2968:SubMenuParam[98][25]
2969:SubMenuParam[98][26]
2970:SubMenuParam[98][27]
2971:SubMenuParam[99][0]
2972:SubMenuParam[99][1]
2973:SubMenuParam[99][2]
2974:SubMenuParam[99][3]
2975:SubMenuParam[99][4]
2976:SubMenuParam[99][5]
2977:SubMenuParam[99][6]
2978:SubMenuParam[99][7]
2979:SubMenuParam[99][8]
2980:SubMenuParam[99][9]
2981:SubMenuParam[99][10]
2982:SubMenuParam[99][11]
2983:SubMenuParam[99][12]
2984:SubMenuParam[99][13]
2985:SubMenuParam[99][14]
2986:SubMenuParam[99][15]
2987:SubMenuParam[99][16]
2988:SubMenuParam[99][17]
2989:SubMenuParam[99][18]
2990:SubMenuParam[99][19]
2991:SubMenuParam[99][20]
2992:SubMenuParam[99][21]
2993:SubMenuParam[99][22]
2994:SubMenuParam[99][23]
2995:SubMenuParam[99][24]
2996:SubMenuParam[99][25]
2997:SubMenuParam[99][26]
2998:SubMenuParam[99][27]
2999:SubMenuGraphic[0][0]
3000:SubMenuGraphic[0][1]
3001:SubMenuGraphic[0][2]
3002:SubMenuGraphic[0][3]
3003:SubMenuGraphic[0][4]
3004:SubMenuGraphic[0][5]
3005:SubMenuGraphic[0][6]
3006:SubMenuGraphic[0][7]
3007:SubMenuGraphic[0][8]
3008:SubMenuGraphic[0][9]
3009:SubMenuGraphic[0][10]
3010:SubMenuGraphic[0][11]
3011:SubMenuGraphic[0][12]
3012:SubMenuGraphic[0][13]
3013:SubMenuGraphic[0][14]
3014:SubMenuGraphic[0][15]
3015:SubMenuGraphic[0][16]
3016:SubMenuGraphic[0][17]
3017:SubMenuGraphic[0][18]
3018:SubMenuGraphic[0][19]
3019:SubMenuGraphic[0][20]
3020:SubMenuGraphic[0][21]
3021:SubMenuGraphic[0][22]
3022:SubMenuGraphic[0][23]
3023:SubMenuGraphic[0][24]
3024:SubMenuGraphic[0][25]
3025:SubMenuGraphic[0][26]
3026:SubMenuGraphic[0][27]
3027:SubMenuGraphic[1][0]
3028:SubMenuGraphic[1][1]
3029:SubMenuGraphic[1][2]
3030:SubMenuGraphic[1][3]
3031:SubMenuGraphic[1][4]
3032:SubMenuGraphic[1][5]
3033:SubMenuGraphic[1][6]
3034:SubMenuGraphic[1][7]
3035:SubMenuGraphic[1][8]
3036:SubMenuGraphic[1][9]
3037:SubMenuGraphic[1][10]
3038:SubMenuGraphic[1][11]
3039:SubMenuGraphic[1][12]
3040:SubMenuGraphic[1][13]
3041:SubMenuGraphic[1][14]
3042:SubMenuGraphic[1][15]
3043:SubMenuGraphic[1][16]
3044:SubMenuGraphic[1][17]
3045:SubMenuGraphic[1][18]
3046:SubMenuGraphic[1][19]
3047:SubMenuGraphic[1][20]
3048:SubMenuGraphic[1][21]
3049:SubMenuGraphic[1][22]
3050:SubMenuGraphic[1][23]
3051:SubMenuGraphic[1][24]
3052:SubMenuGraphic[1][25]
3053:SubMenuGraphic[1][26]
3054:SubMenuGraphic[1][27]
3055:SubMenuGraphic[2][0]
3056:SubMenuGraphic[2][1]
3057:SubMenuGraphic[2][2]
3058:SubMenuGraphic[2][3]
3059:SubMenuGraphic[2][4]
3060:SubMenuGraphic[2][5]
3061:SubMenuGraphic[2][6]
3062:SubMenuGraphic[2][7]
3063:SubMenuGraphic[2][8]
3064:SubMenuGraphic[2][9]
3065:SubMenuGraphic[2][10]
3066:SubMenuGraphic[2][11]
3067:SubMenuGraphic[2][12]
3068:SubMenuGraphic[2][13]
3069:SubMenuGraphic[2][14]
3070:SubMenuGraphic[2][15]
3071:SubMenuGraphic[2][16]
3072:SubMenuGraphic[2][17]
3073:SubMenuGraphic[2][18]
3074:SubMenuGraphic[2][19]
3075:SubMenuGraphic[2][20]
3076:SubMenuGraphic[2][21]
3077:SubMenuGraphic[2][22]
3078:SubMenuGraphic[2][23]
3079:SubMenuGraphic[2][24]
3080:SubMenuGraphic[2][25]
3081:SubMenuGraphic[2][26]
3082:SubMenuGraphic[2][27]
3083:SubMenuGraphic[3][0]
3084:SubMenuGraphic[3][1]
3085:SubMenuGraphic[3][2]
3086:SubMenuGraphic[3][3]
3087:SubMenuGraphic[3][4]
3088:SubMenuGraphic[3][5]
3089:SubMenuGraphic[3][6]
3090:SubMenuGraphic[3][7]
3091:SubMenuGraphic[3][8]
3092:SubMenuGraphic[3][9]
3093:SubMenuGraphic[3][10]
3094:SubMenuGraphic[3][11]
3095:SubMenuGraphic[3][12]
3096:SubMenuGraphic[3][13]
3097:SubMenuGraphic[3][14]
3098:SubMenuGraphic[3][15]
3099:SubMenuGraphic[3][16]
3100:SubMenuGraphic[3][17]
3101:SubMenuGraphic[3][18]
3102:SubMenuGraphic[3][19]
3103:SubMenuGraphic[3][20]
3104:SubMenuGraphic[3][21]
3105:SubMenuGraphic[3][22]
3106:SubMenuGraphic[3][23]
3107:SubMenuGraphic[3][24]
3108:SubMenuGraphic[3][25]
3109:SubMenuGraphic[3][26]
3110:SubMenuGraphic[3][27]
3111:SubMenuGraphic[4][0]
3112:SubMenuGraphic[4][1]
3113:SubMenuGraphic[4][2]
3114:SubMenuGraphic[4][3]
3115:SubMenuGraphic[4][4]
3116:SubMenuGraphic[4][5]
3117:SubMenuGraphic[4][6]
3118:SubMenuGraphic[4][7]
3119:SubMenuGraphic[4][8]
3120:SubMenuGraphic[4][9]
3121:SubMenuGraphic[4][10]
3122:SubMenuGraphic[4][11]
3123:SubMenuGraphic[4][12]
3124:SubMenuGraphic[4][13]
3125:SubMenuGraphic[4][14]
3126:SubMenuGraphic[4][15]
3127:SubMenuGraphic[4][16]
3128:SubMenuGraphic[4][17]
3129:SubMenuGraphic[4][18]
3130:SubMenuGraphic[4][19]
3131:SubMenuGraphic[4][20]
3132:SubMenuGraphic[4][21]
3133:SubMenuGraphic[4][22]
3134:SubMenuGraphic[4][23]
3135:SubMenuGraphic[4][24]
3136:SubMenuGraphic[4][25]
3137:SubMenuGraphic[4][26]
3138:SubMenuGraphic[4][27]
3139:SubMenuGraphic[5][0]
3140:SubMenuGraphic[5][1]
3141:SubMenuGraphic[5][2]
3142:SubMenuGraphic[5][3]
3143:SubMenuGraphic[5][4]
3144:SubMenuGraphic[5][5]
3145:SubMenuGraphic[5][6]
3146:SubMenuGraphic[5][7]
3147:SubMenuGraphic[5][8]
3148:SubMenuGraphic[5][9]
3149:SubMenuGraphic[5][10]
3150:SubMenuGraphic[5][11]
3151:SubMenuGraphic[5][12]
3152:SubMenuGraphic[5][13]
3153:SubMenuGraphic[5][14]
3154:SubMenuGraphic[5][15]
3155:SubMenuGraphic[5][16]
3156:SubMenuGraphic[5][17]
3157:SubMenuGraphic[5][18]
3158:SubMenuGraphic[5][19]
3159:SubMenuGraphic[5][20]
3160:SubMenuGraphic[5][21]
3161:SubMenuGraphic[5][22]
3162:SubMenuGraphic[5][23]
3163:SubMenuGraphic[5][24]
3164:SubMenuGraphic[5][25]
3165:SubMenuGraphic[5][26]
3166:SubMenuGraphic[5][27]
3167:SubMenuGraphic[6][0]
3168:SubMenuGraphic[6][1]
3169:SubMenuGraphic[6][2]
3170:SubMenuGraphic[6][3]
3171:SubMenuGraphic[6][4]
3172:SubMenuGraphic[6][5]
3173:SubMenuGraphic[6][6]
3174:SubMenuGraphic[6][7]
3175:SubMenuGraphic[6][8]
3176:SubMenuGraphic[6][9]
3177:SubMenuGraphic[6][10]
3178:SubMenuGraphic[6][11]
3179:SubMenuGraphic[6][12]
3180:SubMenuGraphic[6][13]
3181:SubMenuGraphic[6][14]
3182:SubMenuGraphic[6][15]
3183:SubMenuGraphic[6][16]
3184:SubMenuGraphic[6][17]
3185:SubMenuGraphic[6][18]
3186:SubMenuGraphic[6][19]
3187:SubMenuGraphic[6][20]
3188:SubMenuGraphic[6][21]
3189:SubMenuGraphic[6][22]
3190:SubMenuGraphic[6][23]
3191:SubMenuGraphic[6][24]
3192:SubMenuGraphic[6][25]
3193:SubMenuGraphic[6][26]
3194:SubMenuGraphic[6][27]
3195:SubMenuGraphic[7][0]
3196:SubMenuGraphic[7][1]
3197:SubMenuGraphic[7][2]
3198:SubMenuGraphic[7][3]
3199:SubMenuGraphic[7][4]
3200:SubMenuGraphic[7][5]
3201:SubMenuGraphic[7][6]
3202:SubMenuGraphic[7][7]
3203:SubMenuGraphic[7][8]
3204:SubMenuGraphic[7][9]
3205:SubMenuGraphic[7][10]
3206:SubMenuGraphic[7][11]
3207:SubMenuGraphic[7][12]
3208:SubMenuGraphic[7][13]
3209:SubMenuGraphic[7][14]
3210:SubMenuGraphic[7][15]
3211:SubMenuGraphic[7][16]
3212:SubMenuGraphic[7][17]
3213:SubMenuGraphic[7][18]
3214:SubMenuGraphic[7][19]
3215:SubMenuGraphic[7][20]
3216:SubMenuGraphic[7][21]
3217:SubMenuGraphic[7][22]
3218:SubMenuGraphic[7][23]
3219:SubMenuGraphic[7][24]
3220:SubMenuGraphic[7][25]
3221:SubMenuGraphic[7][26]
3222:SubMenuGraphic[7][27]
3223:SubMenuGraphic[8][0]
3224:SubMenuGraphic[8][1]
3225:SubMenuGraphic[8][2]
3226:SubMenuGraphic[8][3]
3227:SubMenuGraphic[8][4]
3228:SubMenuGraphic[8][5]
3229:SubMenuGraphic[8][6]
3230:SubMenuGraphic[8][7]
3231:SubMenuGraphic[8][8]
3232:SubMenuGraphic[8][9]
3233:SubMenuGraphic[8][10]
3234:SubMenuGraphic[8][11]
3235:SubMenuGraphic[8][12]
3236:SubMenuGraphic[8][13]
3237:SubMenuGraphic[8][14]
3238:SubMenuGraphic[8][15]
3239:SubMenuGraphic[8][16]
3240:SubMenuGraphic[8][17]
3241:SubMenuGraphic[8][18]
3242:SubMenuGraphic[8][19]
3243:SubMenuGraphic[8][20]
3244:SubMenuGraphic[8][21]
3245:SubMenuGraphic[8][22]
3246:SubMenuGraphic[8][23]
3247:SubMenuGraphic[8][24]
3248:SubMenuGraphic[8][25]
3249:SubMenuGraphic[8][26]
3250:SubMenuGraphic[8][27]
3251:SubMenuGraphic[9][0]
3252:SubMenuGraphic[9][1]
3253:SubMenuGraphic[9][2]
3254:SubMenuGraphic[9][3]
3255:SubMenuGraphic[9][4]
3256:SubMenuGraphic[9][5]
3257:SubMenuGraphic[9][6]
3258:SubMenuGraphic[9][7]
3259:SubMenuGraphic[9][8]
3260:SubMenuGraphic[9][9]
3261:SubMenuGraphic[9][10]
3262:SubMenuGraphic[9][11]
3263:SubMenuGraphic[9][12]
3264:SubMenuGraphic[9][13]
3265:SubMenuGraphic[9][14]
3266:SubMenuGraphic[9][15]
3267:SubMenuGraphic[9][16]
3268:SubMenuGraphic[9][17]
3269:SubMenuGraphic[9][18]
3270:SubMenuGraphic[9][19]
3271:SubMenuGraphic[9][20]
3272:SubMenuGraphic[9][21]
3273:SubMenuGraphic[9][22]
3274:SubMenuGraphic[9][23]
3275:SubMenuGraphic[9][24]
3276:SubMenuGraphic[9][25]
3277:SubMenuGraphic[9][26]
3278:SubMenuGraphic[9][27]
3279:VoiceStruct[0]
3280:VoiceStruct[1]
3281:VoiceStruct[2]
3282:VoiceStruct[3]
3283:VoiceStruct[4]
3284:VoiceStruct[5]
3285:VoiceStruct[6]
3286:VoiceStruct[7]
3287:VoiceStruct[8]
3288:VoiceStruct[9]
3289:VoiceStruct[10]
3290:VoiceStruct[11]
3347:Helmet[0][0]
3348:Helmet[0][1]
3349:Helmet[0][2]
3350:Top[0][0]
3351:Top[0][1]
3352:Top[0][2]
3353:Gloves[0][0]
3354:Gloves[0][1]
3355:Gloves[0][2]
3356:Legs[0][0]
3357:Legs[0][1]
3358:Legs[0][2]
3359:Shoes[0][0]
3360:Shoes[0][1]
3361:Shoes[0][2]
3362:Weapon[0][0]
3363:Weapon[0][1]
3364:Weapon[0][2]
3365:SubWeapon[0][0]
3366:SubWeapon[0][1]
3367:SubWeapon[0][2]
