0:Name
1:Abbreviation
3:ClassJobCategory
4:ExpArrayIndex
5:BattleClassIndex
7:JobIndex
8:DohDolJobIndex
9:Modifier{HitPoints}
10:Modifier{ManaPoints}
11:Modifier{Strength}
12:Modifier{Vitality}
13:Modifier{Dexterity}
14:Modifier{Intelligence}
15:Modifier{Mind}
16:Modifier{Piety}
24:PvPActionSortRow
26:ClassJob{Parent}
27:Name{English}
28:Item{StartingWeapon}
30:Role
31:StartingTown
32:MonsterNote
33:PrimaryStat
34:LimitBreak1
35:LimitBreak2
36:LimitBreak3
37:UIPriority
38:Item{SoulCrystal}
39:UnlockQuest
40:RelicQuest
41:Prerequisite
42:StartingLevel
43:PartyBonus
44:IsLimitedJob
45:CanQueueForDuty
