0:SupplyItem[0]
1:SetQuantity[0]
2:SetsRequired[0]
3:SupplyItem[1]
4:SetQuantity[1]
5:SetsRequired[1]
6:SupplyItem[2]
7:SetQuantity[2]
8:SetsRequired[2]
9:SupplyItem[3]
10:SetQuantity[3]
11:SetsRequired[3]
12:SupplyItem[4]
13:SetQuantity[4]
14:SetsRequired[4]
15:SupplyItem[5]
16:SetQuantity[5]
17:SetsRequired[5]
18:SupplyItem[6]
19:SetQuantity[6]
20:SetsRequired[6]
21:SupplyItem[7]
22:SetQuantity[7]
23:SetsRequired[7]
24:SupplyItem[8]
25:SetQuantity[8]
26:SetsRequired[8]
27:SupplyItem[9]
28:SetQuantity[9]
29:SetsRequired[9]
30:SupplyItem[10]
31:SetQuantity[10]
32:SetsRequired[10]
33:SupplyItem[11]
34:SetQuantity[11]
35:SetsRequired[11]
