0:ShortCode
1:TerritoryType
2:ContentLinkType
3:Content
4:PvP
8:AcceptClassJobCategory
9:ContentMemberType
13:UnlockQuest
15:ClassJobLevel{Required}
16:ClassJobLevel{Sync}
17:ItemLevel{Required}
18:ItemLevel{Sync}
20:AllowUndersized
21:AllowReplacement
23:AllowExplorerMode
28:HighEndDuty
32:DutyRecorderAllowed
37:Name
38:NameShort
39:ContentType
40:TransientKey
41:Transient
42:SortKey
43:Image
44:Icon
46:LevelingRoulette
48:Level50/60/70Roulette
49:MSQRoulette
50:GuildHestRoulette
51:ExpertRoulette
52:TrialRoulette
53:DailyFrontlineChallenge
54:Level80Roulette
55:MentorRoulette
61:AllianceRoulette
63:NormalRaidRoulette
