0:Turn[0]
1:Turn[1]
2:Turn[2]
3:Turn[3]
4:Turn[4]
5:Turn[5]
6:Turn[6]
7:Turn[7]
8:Gesture[0]
9:Gesture[1]
10:Gesture[2]
11:Gesture[3]
12:Gesture[4]
13:Gesture[5]
14:Gesture[6]
15:Gesture[7]
16:LipSync[0]
17:LipSync[1]
18:LipSync[2]
19:LipSync[3]
20:LipSync[4]
21:LipSync[5]
22:LipSync[6]
23:LipSync[7]
24:Facial[0]
25:Facial[1]
26:Facial[2]
27:Facial[3]
28:Facial[4]
29:Facial[5]
30:Facial[6]
31:Facial[7]
32:Shape[0]
33:Shape[1]
34:Shape[2]
35:Shape[3]
36:Shape[4]
37:Shape[5]
38:Shape[6]
39:Shape[7]
40:IsAutoShake[0]
41:IsAutoShake[1]
42:IsAutoShake[2]
43:IsAutoShake[3]
44:IsAutoShake[4]
45:IsAutoShake[5]
46:IsAutoShake[6]
47:IsAutoShake[7]
48:WidgetType[0]
49:WidgetType[1]
50:WidgetType[2]
51:WidgetType[3]
52:WidgetType[4]
53:WidgetType[5]
54:WidgetType[6]
55:WidgetType[7]
56:Text[0]
57:Text[1]
58:Text[2]
59:Text[3]
60:Text[4]
61:Text[5]
62:Text[6]
63:Text[7]
