0:Name
1:Description
2:Objective
3:StatusText[0]
4:StatusText[1]
5:StatusText[2]
6:EurekaFate
7:Rule
8:FateRuleEx
9:Location
10:ClassJobLevel
11:ClassJobLevel{Max}
12:EventItem
13:TypeToDoValue[0]
14:TypeToDoValue[1]
15:TypeToDoValue[2]
16:Icon{Objective}
17:Icon{Map}
18:IconInactive{Map}
19:Music
20:LGBGuardNPCLocation
21:ScreenImage{Accept}
22:ScreenImage{Complete}
23:ScreenImage{Failed}
25:RequiredQuest
26:SpecialFate
28:GivenStatus
30:AdventEvent
31:MoonFaireEvent
33:FATEChain
36:ArrayIndex
38:ReqEventItem
39:TurnInEventItem
43:ObjectiveIcon[0]
44:ObjectiveIcon[1]
45:ObjectiveIcon[2]
46:ObjectiveIcon[3]
47:ObjectiveIcon[4]
48:ObjectiveIcon[5]
49:ObjectiveIcon[6]
50:ObjectiveIcon[7]
