0:ClassJob
1:ClassBook
2:EquipPreset[0]
3:EquipPreset[1]
4:EquipPreset[2]
5:EquipPreset[3]
6:EquipPreset[4]
7:EquipPreset[5]
8:EquipPreset[6]
9:EquipPreset[7]
10:EquipPreset[8]
11:EquipPreset[9]
12:EquipPreset[10]
13:EquipPreset[11]
14:EquipPreset[12]
15:EquipPreset[13]
16:EquipPreset[14]
17:EquipPreset[15]
18:EquipPreset[16]
19:EquipPreset[17]
20:EquipPreset[18]
21:EquipPreset[19]
22:EquipPreset[20]
23:EquipPreset[21]
24:EquipPreset[22]
25:EquipPreset[23]
26:EquipPreset[24]
27:EquipPreset[25]
28:EquipPreset[26]
29:EquipPreset[27]
30:EquipPreset[28]
31:EquipPreset[29]
32:EquipPreset[30]
33:EquipPreset[31]
34:EquipPreset[32]
35:EquipPreset[33]
36:EquipPreset[34]
37:EquipPreset[35]
38:EquipPreset[36]
39:EquipPreset[37]
40:EquipPreset[38]
41:EquipPreset[39]
42:EquipPreset[40]
43:EquipPreset[41]
44:EquipPreset[42]
45:EquipPreset[43]
46:EquipPreset[44]
47:EquipPreset[45]
48:EquipPreset[46]
49:EquipPreset[47]
50:EquipPreset[48]
51:EquipPreset[49]
52:EquipPreset[50]
53:EquipPreset[51]
54:EquipPreset[52]
55:EquipPreset[53]
56:EquipPreset[54]
57:EquipPreset[55]
58:EquipPreset[56]
59:EquipPreset[57]
60:EquipPreset[58]
61:EquipPreset[59]
63:Physical[0]
64:Physical[1]
65:Physical[2]
66:Physical[3]
67:Physical[4]
68:Physical[5]
69:Physical[6]
70:Physical[7]
71:Physical[8]
72:Physical[9]
73:Physical[10]
74:Physical[11]
75:Physical[12]
76:Physical[13]
77:Physical[14]
78:Physical[15]
79:Physical[16]
80:Physical[17]
81:Physical[18]
82:Physical[19]
83:Physical[20]
84:Physical[21]
85:Physical[22]
86:Physical[23]
87:Physical[24]
88:Physical[25]
89:Physical[26]
90:Physical[27]
91:Physical[28]
92:Physical[29]
93:Physical[30]
94:Physical[31]
95:Physical[32]
96:Physical[33]
97:Physical[34]
98:Physical[35]
99:Physical[36]
100:Physical[37]
101:Physical[38]
102:Physical[39]
103:Physical[40]
104:Physical[41]
105:Physical[42]
106:Physical[43]
107:Physical[44]
108:Physical[45]
109:Physical[46]
110:Physical[47]
111:Physical[48]
112:Physical[49]
113:Physical[50]
114:Physical[51]
115:Physical[52]
116:Physical[53]
117:Physical[54]
118:Physical[55]
119:Physical[56]
120:Physical[57]
121:Physical[58]
122:Physical[59]
124:Mental[0]
125:Mental[1]
126:Mental[2]
127:Mental[3]
128:Mental[4]
129:Mental[5]
130:Mental[6]
131:Mental[7]
132:Mental[8]
133:Mental[9]
134:Mental[10]
135:Mental[11]
136:Mental[12]
137:Mental[13]
138:Mental[14]
139:Mental[15]
140:Mental[16]
141:Mental[17]
142:Mental[18]
143:Mental[19]
144:Mental[20]
145:Mental[21]
146:Mental[22]
147:Mental[23]
148:Mental[24]
149:Mental[25]
150:Mental[26]
151:Mental[27]
152:Mental[28]
153:Mental[29]
154:Mental[30]
155:Mental[31]
156:Mental[32]
157:Mental[33]
158:Mental[34]
159:Mental[35]
160:Mental[36]
161:Mental[37]
162:Mental[38]
163:Mental[39]
164:Mental[40]
165:Mental[41]
166:Mental[42]
167:Mental[43]
168:Mental[44]
169:Mental[45]
170:Mental[46]
171:Mental[47]
172:Mental[48]
173:Mental[49]
174:Mental[50]
175:Mental[51]
176:Mental[52]
177:Mental[53]
178:Mental[54]
179:Mental[55]
180:Mental[56]
181:Mental[57]
182:Mental[58]
183:Mental[59]
185:Tactical[0]
186:Tactical[1]
187:Tactical[2]
188:Tactical[3]
189:Tactical[4]
190:Tactical[5]
191:Tactical[6]
192:Tactical[7]
193:Tactical[8]
194:Tactical[9]
195:Tactical[10]
196:Tactical[11]
197:Tactical[12]
198:Tactical[13]
199:Tactical[14]
200:Tactical[15]
201:Tactical[16]
202:Tactical[17]
203:Tactical[18]
204:Tactical[19]
205:Tactical[20]
206:Tactical[21]
207:Tactical[22]
208:Tactical[23]
209:Tactical[24]
210:Tactical[25]
211:Tactical[26]
212:Tactical[27]
213:Tactical[28]
214:Tactical[29]
215:Tactical[30]
216:Tactical[31]
217:Tactical[32]
218:Tactical[33]
219:Tactical[34]
220:Tactical[35]
221:Tactical[36]
222:Tactical[37]
223:Tactical[38]
224:Tactical[39]
225:Tactical[40]
226:Tactical[41]
227:Tactical[42]
228:Tactical[43]
229:Tactical[44]
230:Tactical[45]
231:Tactical[46]
232:Tactical[47]
233:Tactical[48]
234:Tactical[49]
235:Tactical[50]
236:Tactical[51]
237:Tactical[52]
238:Tactical[53]
239:Tactical[54]
240:Tactical[55]
241:Tactical[56]
242:Tactical[57]
243:Tactical[58]
244:Tactical[59]
