0:ItemRequired[0]
1:ItemRequired[1]
2:ItemRequired[2]
3:ItemRequired[3]
4:ItemRequired[4]
5:ItemRequired[5]
6:ItemRequired[6]
7:ItemRequired[7]
8:ItemRequired[8]
9:ItemRequired[9]
10:ItemRequired[10]
11:ItemRequired[11]
12:ItemRequired[12]
13:ItemRequired[13]
14:ItemRequired[14]
15:ItemRequired[15]
16:ItemRequired[16]
17:ItemRequired[17]
18:ItemRequired[18]
19:ItemRequired[19]
20:ItemRequired[20]
21:ItemRequired[21]
22:ItemRequired[22]
23:ItemRequired[23]
24:ItemRequired[24]
25:ItemRequired[25]
26:ItemRequired[26]
27:ItemRequired[27]
28:ItemRequired[28]
29:ItemRequired[29]
30:ItemRequired[30]
31:ItemRequired[31]
32:ItemRequired[32]
33:ItemRequired[33]
34:ItemRequired[34]
35:ItemRequired[35]
36:ItemRequired[36]
37:ItemRequired[37]
38:ItemRequired[38]
39:ItemRequired[39]
40:ItemRequired[40]
41:ItemRequired[41]
42:ItemRequired[42]
43:ItemRequired[43]
44:ItemRequired[44]
45:ItemRequired[45]
46:ItemRequired[46]
47:ItemRequired[47]
48:ItemRequired[48]
49:ItemRequired[49]
50:ItemRequired[50]
51:ItemRequired[51]
52:ItemRequired[52]
53:ItemRequired[53]
54:ItemRequired[54]
55:ItemRequired[55]
56:ItemRequired[56]
57:ItemRequired[57]
58:ItemRequired[58]
59:ItemRequired[59]
60:ItemRequired[60]
61:ItemRequired[61]
62:ItemRequired[62]
63:ItemRequired[63]
64:ItemRequired[64]
65:ItemRequired[65]
66:ItemRequired[66]
67:ItemRequired[67]
68:ItemRequired[68]
69:ItemRequired[69]
70:ItemRequired[70]
71:ItemRequired[71]
72:ItemRequired[72]
73:ItemRequired[73]
74:ItemRequired[74]
75:ItemRequired[75]
76:ItemRequired[76]
77:ItemRequired[77]
78:ItemRequired[78]
79:FishParameter[0]
80:FishParameter[1]
81:FishParameter[2]
82:FishParameter[3]
83:FishParameter[4]
84:FishParameter[5]
85:FishParameter[6]
86:FishParameter[7]
87:FishParameter[8]
88:FishParameter[9]
89:FishParameter[10]
90:FishParameter[11]
91:FishParameter[12]
92:FishParameter[13]
93:FishParameter[14]
94:FishParameter[15]
95:FishParameter[16]
96:FishParameter[17]
97:FishParameter[18]
98:FishParameter[19]
99:FishParameter[20]
100:FishParameter[21]
101:FishParameter[22]
102:FishParameter[23]
103:FishParameter[24]
104:FishParameter[25]
105:FishParameter[26]
106:FishParameter[27]
107:FishParameter[28]
108:FishParameter[29]
109:FishParameter[30]
110:FishParameter[31]
111:FishParameter[32]
112:FishParameter[33]
113:FishParameter[34]
114:FishParameter[35]
115:FishParameter[36]
116:FishParameter[37]
117:FishParameter[38]
118:FishParameter[39]
119:FishParameter[40]
120:FishParameter[41]
121:FishParameter[42]
122:FishParameter[43]
123:FishParameter[44]
124:FishParameter[45]
125:FishParameter[46]
126:FishParameter[47]
127:FishParameter[48]
128:FishParameter[49]
129:FishParameter[50]
130:FishParameter[51]
131:FishParameter[52]
132:FishParameter[53]
133:FishParameter[54]
134:FishParameter[55]
135:FishParameter[56]
136:FishParameter[57]
137:FishParameter[58]
138:FishParameter[59]
139:FishParameter[60]
140:FishParameter[61]
141:FishParameter[62]
142:FishParameter[63]
143:FishParameter[64]
144:FishParameter[65]
145:FishParameter[66]
146:FishParameter[67]
147:FishParameter[68]
148:FishParameter[69]
149:FishParameter[70]
150:FishParameter[71]
151:FishParameter[72]
152:FishParameter[73]
153:FishParameter[74]
154:FishParameter[75]
155:FishParameter[76]
156:FishParameter[77]
157:FishParameter[78]
158:AmountRequired[0]
159:AmountRequired[1]
160:AmountRequired[2]
161:AmountRequired[3]
162:AmountRequired[4]
163:AmountRequired[5]
164:AmountRequired[6]
165:AmountRequired[7]
166:AmountRequired[8]
167:AmountRequired[9]
168:AmountRequired[10]
169:AmountRequired[11]
170:AmountRequired[12]
171:AmountRequired[13]
172:AmountRequired[14]
173:AmountRequired[15]
174:AmountRequired[16]
175:AmountRequired[17]
176:AmountRequired[18]
177:AmountRequired[19]
178:AmountRequired[20]
179:AmountRequired[21]
180:AmountRequired[22]
181:AmountRequired[23]
182:AmountRequired[24]
183:AmountRequired[25]
184:AmountRequired[26]
185:AmountRequired[27]
186:AmountRequired[28]
187:AmountRequired[29]
188:AmountRequired[30]
189:AmountRequired[31]
190:AmountRequired[32]
191:AmountRequired[33]
192:AmountRequired[34]
193:AmountRequired[35]
194:AmountRequired[36]
195:AmountRequired[37]
196:AmountRequired[38]
197:AmountRequired[39]
198:AmountRequired[40]
199:AmountRequired[41]
200:AmountRequired[42]
201:AmountRequired[43]
202:AmountRequired[44]
203:AmountRequired[45]
204:AmountRequired[46]
205:AmountRequired[47]
206:AmountRequired[48]
207:AmountRequired[49]
208:AmountRequired[50]
209:AmountRequired[51]
210:AmountRequired[52]
211:AmountRequired[53]
212:AmountRequired[54]
213:AmountRequired[55]
214:AmountRequired[56]
215:AmountRequired[57]
216:AmountRequired[58]
217:AmountRequired[59]
218:AmountRequired[60]
219:AmountRequired[61]
220:AmountRequired[62]
221:AmountRequired[63]
222:AmountRequired[64]
223:AmountRequired[65]
224:AmountRequired[66]
225:AmountRequired[67]
226:AmountRequired[68]
227:AmountRequired[69]
228:AmountRequired[70]
229:AmountRequired[71]
230:AmountRequired[72]
231:AmountRequired[73]
232:AmountRequired[74]
233:AmountRequired[75]
234:AmountRequired[76]
235:AmountRequired[77]
236:AmountRequired[78]
237:ItemReceived[0]
238:ItemReceived[1]
239:ItemReceived[2]
240:ItemReceived[3]
241:ItemReceived[4]
242:ItemReceived[5]
243:ItemReceived[6]
244:ItemReceived[7]
245:ItemReceived[8]
246:ItemReceived[9]
247:ItemReceived[10]
248:ItemReceived[11]
249:ItemReceived[12]
250:ItemReceived[13]
251:ItemReceived[14]
252:ItemReceived[15]
253:ItemReceived[16]
254:ItemReceived[17]
255:ItemReceived[18]
256:ItemReceived[19]
257:ItemReceived[20]
258:ItemReceived[21]
259:ItemReceived[22]
260:ItemReceived[23]
261:ItemReceived[24]
262:ItemReceived[25]
263:ItemReceived[26]
264:ItemReceived[27]
265:ItemReceived[28]
266:ItemReceived[29]
267:ItemReceived[30]
268:ItemReceived[31]
269:ItemReceived[32]
270:ItemReceived[33]
271:ItemReceived[34]
272:ItemReceived[35]
273:ItemReceived[36]
274:ItemReceived[37]
275:ItemReceived[38]
276:ItemReceived[39]
277:ItemReceived[40]
278:ItemReceived[41]
279:ItemReceived[42]
280:ItemReceived[43]
281:ItemReceived[44]
282:ItemReceived[45]
283:ItemReceived[46]
284:ItemReceived[47]
285:ItemReceived[48]
286:ItemReceived[49]
287:ItemReceived[50]
288:ItemReceived[51]
289:ItemReceived[52]
290:ItemReceived[53]
291:ItemReceived[54]
292:ItemReceived[55]
293:ItemReceived[56]
294:ItemReceived[57]
295:ItemReceived[58]
296:ItemReceived[59]
297:ItemReceived[60]
298:ItemReceived[61]
299:ItemReceived[62]
300:ItemReceived[63]
301:ItemReceived[64]
302:ItemReceived[65]
303:ItemReceived[66]
304:ItemReceived[67]
305:ItemReceived[68]
306:ItemReceived[69]
307:ItemReceived[70]
308:ItemReceived[71]
309:ItemReceived[72]
310:ItemReceived[73]
311:ItemReceived[74]
312:ItemReceived[75]
313:ItemReceived[76]
314:ItemReceived[77]
315:ItemReceived[78]
316:Reward[1][0]
317:Reward[1][1]
318:Reward[1][2]
319:Reward[1][3]
320:Reward[1][4]
321:Reward[1][5]
322:Reward[1][6]
323:Reward[1][7]
324:Reward[1][8]
325:Reward[1][9]
326:Reward[1][10]
327:Reward[1][11]
328:Reward[1][12]
329:Reward[1][13]
330:Reward[1][14]
331:Reward[1][15]
332:Reward[1][16]
333:Reward[1][17]
334:Reward[1][18]
335:Reward[1][19]
336:Reward[1][20]
337:Reward[1][21]
338:Reward[1][22]
339:Reward[1][23]
340:Reward[1][24]
341:Reward[1][25]
342:Reward[1][26]
343:Reward[1][27]
344:Reward[1][28]
345:Reward[1][29]
346:Reward[1][30]
347:Reward[1][31]
348:Reward[1][32]
349:Reward[1][33]
350:Reward[1][34]
351:Reward[1][35]
352:Reward[1][36]
353:Reward[1][37]
354:Reward[1][38]
355:Reward[1][39]
356:Reward[1][40]
357:Reward[1][41]
358:Reward[1][42]
359:Reward[1][43]
360:Reward[1][44]
361:Reward[1][45]
362:Reward[1][46]
363:Reward[1][47]
364:Reward[1][48]
365:Reward[1][49]
366:Reward[1][50]
367:Reward[1][51]
368:Reward[1][52]
369:Reward[1][53]
370:Reward[1][54]
371:Reward[1][55]
372:Reward[1][56]
373:Reward[1][57]
374:Reward[1][58]
375:Reward[1][59]
376:Reward[1][60]
377:Reward[1][61]
378:Reward[1][62]
379:Reward[1][63]
380:Reward[1][64]
381:Reward[1][65]
382:Reward[1][66]
383:Reward[1][67]
384:Reward[1][68]
385:Reward[1][69]
386:Reward[1][70]
387:Reward[1][71]
388:Reward[1][72]
389:Reward[1][73]
390:Reward[1][74]
391:Reward[1][75]
392:Reward[1][76]
393:Reward[1][77]
394:Reward[1][78]
395:Reward[2][0]
396:Reward[2][1]
397:Reward[2][2]
398:Reward[2][3]
399:Reward[2][4]
400:Reward[2][5]
401:Reward[2][6]
402:Reward[2][7]
403:Reward[2][8]
404:Reward[2][9]
405:Reward[2][10]
406:Reward[2][11]
407:Reward[2][12]
408:Reward[2][13]
409:Reward[2][14]
410:Reward[2][15]
411:Reward[2][16]
412:Reward[2][17]
413:Reward[2][18]
414:Reward[2][19]
415:Reward[2][20]
416:Reward[2][21]
417:Reward[2][22]
418:Reward[2][23]
419:Reward[2][24]
420:Reward[2][25]
421:Reward[2][26]
422:Reward[2][27]
423:Reward[2][28]
424:Reward[2][29]
425:Reward[2][30]
426:Reward[2][31]
427:Reward[2][32]
428:Reward[2][33]
429:Reward[2][34]
430:Reward[2][35]
431:Reward[2][36]
432:Reward[2][37]
433:Reward[2][38]
434:Reward[2][39]
435:Reward[2][40]
436:Reward[2][41]
437:Reward[2][42]
438:Reward[2][43]
439:Reward[2][44]
440:Reward[2][45]
441:Reward[2][46]
442:Reward[2][47]
443:Reward[2][48]
444:Reward[2][49]
445:Reward[2][50]
446:Reward[2][51]
447:Reward[2][52]
448:Reward[2][53]
449:Reward[2][54]
450:Reward[2][55]
451:Reward[2][56]
452:Reward[2][57]
453:Reward[2][58]
454:Reward[2][59]
455:Reward[2][60]
456:Reward[2][61]
457:Reward[2][62]
458:Reward[2][63]
459:Reward[2][64]
460:Reward[2][65]
461:Reward[2][66]
462:Reward[2][67]
463:Reward[2][68]
464:Reward[2][69]
465:Reward[2][70]
466:Reward[2][71]
467:Reward[2][72]
468:Reward[2][73]
469:Reward[2][74]
470:Reward[2][75]
471:Reward[2][76]
472:Reward[2][77]
473:Reward[2][78]
474:Phase[0]
475:Phase[1]
476:Phase[2]
477:Phase[3]
478:Phase[4]
479:Phase[5]
480:Phase[6]
481:Phase[7]
482:Phase[8]
483:Phase[9]
484:Phase[10]
485:Phase[11]
486:Phase[12]
487:Phase[13]
488:Phase[14]
489:Phase[15]
490:Phase[16]
491:Phase[17]
492:Phase[18]
493:Phase[19]
494:Phase[20]
495:Phase[21]
496:Phase[22]
497:Phase[23]
498:Phase[24]
499:Phase[25]
500:Phase[26]
501:Phase[27]
502:Phase[28]
503:Phase[29]
504:Phase[30]
505:Phase[31]
506:Phase[32]
507:Phase[33]
508:Phase[34]
509:Phase[35]
510:Phase[36]
511:Phase[37]
512:Phase[38]
513:Phase[39]
514:Phase[40]
515:Phase[41]
516:Phase[42]
517:Phase[43]
518:Phase[44]
519:Phase[45]
520:Phase[46]
521:Phase[47]
522:Phase[48]
523:Phase[49]
524:Phase[50]
525:Phase[51]
526:Phase[52]
527:Phase[53]
528:Phase[54]
529:Phase[55]
530:Phase[56]
531:Phase[57]
532:Phase[58]
533:Phase[59]
534:Phase[60]
535:Phase[61]
536:Phase[62]
537:Phase[63]
538:Phase[64]
539:Phase[65]
540:Phase[66]
541:Phase[67]
542:Phase[68]
543:Phase[69]
544:Phase[70]
545:Phase[71]
546:Phase[72]
547:Phase[73]
548:Phase[74]
549:Phase[75]
550:Phase[76]
551:Phase[77]
552:Phase[78]
