0:InstanceContentType
1:WeekRestriction
2:TimeLimit{min}
4:BGM
5:WinBGM
6:Cutscene
7:LGBEventRange
8:Order
9:Colosseum
11:InstanceContentTextData{Boss}{Start}
12:InstanceContentTextData{Boss}{End}
13:BNpcBase{Boss}
14:InstanceContentTextData{Objective}{Start}
15:InstanceContentTextData{Objective}{End}
16:SortKey
17:InstanceClearExp
19:NewPlayerBonusA
20:FinalBossCurrencyC
22:FinalBossCurrencyA
23:FinalBossCurrencyB
24:NewPlayerBonusB
25:BossExp[0]
26:BossExp[1]
27:BossExp[2]
28:BossExp[3]
29:BossExp[4]
30:BossCurrencyA[0]
31:BossCurrencyA[1]
32:BossCurrencyA[2]
33:BossCurrencyA[3]
34:BossCurrencyA[4]
35:BossCurrencyB[0]
36:BossCurrencyB[1]
37:BossCurrencyB[2]
38:BossCurrencyB[3]
39:BossCurrencyB[4]
40:BossCurrencyC[0]
41:BossCurrencyC[1]
42:BossCurrencyC[2]
43:BossCurrencyC[3]
44:BossCurrencyC[4]
46:InstanceClearGil
47:InstanceContentRewardItem
49:FinalBossExp
50:InstanceContentBuff
51:ReqInstance
53:PartyCondition
