1:HyurMaleScale
2:HyurFemaleScale
3:ElezenMaleScale
4:ElezenFemaleScale
5:LalaMaleScale
6:LalaFemaleScale
7:MiqoMaleScale
8:MiqoFemaleScale
9:RoeMaleScale
10:RoeFemaleScale
11:AuRaMaleScale
12:AuRaFemaleScale
13:HrothgarMaleScale
14:HrothgarFemaleScale
15:VieraMaleScale
16:VieraFemaleScale
17:HyurMaleCameraHeight
18:HyurFemaleCameraHeight
19:ElezenMaleCameraHeight
20:ElezenFemaleCameraHeight
21:LalaMaleCameraHeight
22:LalaFemaleCameraHeight
23:MiqoMaleCameraHeight
24:MiqoFemaleCameraHeight
25:RoeMaleCameraHeight
26:RoeFemaleCameraHeight
27:AuRaMaleCameraHeight
28:AuRaFemaleCameraHeight
29:HrothgarMaleCameraHeight
30:HrothgarRoeFemaleCameraHeight
31:VieraMaleCameraHeight
32:VieraFemaleCameraHeight
