0:Content[0]
1:Content[1]
2:Content[2]
3:Content[3]
4:Content[4]
5:Content[5]
6:Content[6]
7:Content[7]
8:Content[8]
9:Content[9]
10:Content[10]
11:Content[11]
12:Content[12]
13:Content[13]
14:Content[14]
15:Content[15]
16:CandidateName[0]
17:CandidateName[1]
18:CandidateName[2]
19:CandidateName[3]
20:CandidateName[4]
21:CandidateName[5]
22:CandidateName[6]
23:CandidateName[7]
24:CandidateName[8]
25:CandidateName[9]
26:CandidateName[10]
27:CandidateName[11]
28:CandidateName[12]
29:CandidateName[13]
30:CandidateName[14]
31:CandidateName[15]
