0:Key
1:TimeLimit
2:Name
3:TextData{Start}
4:TextData{End}
5:LGB[EventObject][0][0]
6:LGB[EventObject][0][1]
7:LGB[EventObject][0][2]
8:LGB[EventObject][0][3]
9:LGB[EventObject][0][4]
10:LGB[EventObject][0][5]
11:LGB[EventObject][0][6]
12:LGB[EventObject][0][7]
13:LGB[EventObject][0][8]
14:LGB[EventRange][0]
15:LGB[EventRange][1]
16:LGB[EventRange][2]
17:LGB[EventRange][3]
18:LGB[EventRange][4]
19:LGB[EventRange][5]
20:LGB[EventRange][6]
21:LGB[EventRange][7]
22:LGB[EventRange][8]
23:LGB[EventObject][1][0]
24:LGB[EventObject][1][1]
25:LGB[EventObject][1][2]
26:LGB[EventObject][1][3]
27:LGB[EventObject][1][4]
28:LGB[EventObject][1][5]
29:LGB[EventObject][1][6]
30:LGB[EventObject][1][7]
31:LGB[EventObject][1][8]
33:ContentFinderCondition
34:Image
