1:Recipe[0]
2:Recipe[1]
3:Recipe[2]
4:Recipe[3]
5:Recipe[4]
6:Recipe[5]
7:Recipe[6]
8:Recipe[7]
9:Recipe[8]
10:Recipe[9]
11:Recipe[10]
12:Recipe[11]
13:Recipe[12]
14:Recipe[13]
15:Recipe[14]
16:Recipe[15]
17:Recipe[16]
18:Recipe[17]
19:Recipe[18]
20:Recipe[19]
21:Recipe[20]
22:Recipe[21]
23:Recipe[22]
24:Recipe[23]
25:Recipe[24]
26:Recipe[25]
27:Recipe[26]
28:Recipe[27]
29:Recipe[28]
30:Recipe[29]
31:Recipe[30]
32:Recipe[31]
33:Recipe[32]
34:Recipe[33]
35:Recipe[34]
36:Recipe[35]
37:Recipe[36]
38:Recipe[37]
39:Recipe[38]
40:Recipe[39]
41:Recipe[40]
42:Recipe[41]
43:Recipe[42]
44:Recipe[43]
45:Recipe[44]
46:Recipe[45]
47:Recipe[46]
48:Recipe[47]
49:Recipe[48]
50:Recipe[49]
51:Recipe[50]
52:Recipe[51]
53:Recipe[52]
54:Recipe[53]
55:Recipe[54]
56:Recipe[55]
57:Recipe[56]
58:Recipe[57]
59:Recipe[58]
60:Recipe[59]
61:Recipe[60]
62:Recipe[61]
63:Recipe[62]
64:Recipe[63]
65:Recipe[64]
66:Recipe[65]
67:Recipe[66]
68:Recipe[67]
69:Recipe[68]
70:Recipe[69]
71:Recipe[70]
72:Recipe[71]
73:Recipe[72]
74:Recipe[73]
75:Recipe[74]
76:Recipe[75]
77:Recipe[76]
78:Recipe[77]
79:Recipe[78]
80:Recipe[79]
81:Recipe[80]
82:Recipe[81]
83:Recipe[82]
84:Recipe[83]
85:Recipe[84]
86:Recipe[85]
87:Recipe[86]
88:Recipe[87]
89:Recipe[88]
90:Recipe[89]
91:Recipe[90]
92:Recipe[91]
93:Recipe[92]
94:Recipe[93]
95:Recipe[94]
96:Recipe[95]
97:Recipe[96]
98:Recipe[97]
99:Recipe[98]
100:Recipe[99]
101:Recipe[100]
102:Recipe[101]
103:Recipe[102]
104:Recipe[103]
105:Recipe[104]
106:Recipe[105]
107:Recipe[106]
108:Recipe[107]
109:Recipe[108]
110:Recipe[109]
111:Recipe[110]
112:Recipe[111]
113:Recipe[112]
114:Recipe[113]
115:Recipe[114]
116:Recipe[115]
117:Recipe[116]
118:Recipe[117]
119:Recipe[118]
120:Recipe[119]
121:Recipe[120]
122:Recipe[121]
123:Recipe[122]
124:Recipe[123]
125:Recipe[124]
126:Recipe[125]
127:Recipe[126]
128:Recipe[127]
129:Recipe[128]
130:Recipe[129]
131:Recipe[130]
132:Recipe[131]
133:Recipe[132]
134:Recipe[133]
135:Recipe[134]
136:Recipe[135]
137:Recipe[136]
138:Recipe[137]
139:Recipe[138]
140:Recipe[139]
141:Recipe[140]
142:Recipe[141]
143:Recipe[142]
144:Recipe[143]
145:Recipe[144]
146:Recipe[145]
147:Recipe[146]
148:Recipe[147]
149:Recipe[148]
150:Recipe[149]
151:Recipe[150]
152:Recipe[151]
153:Recipe[152]
154:Recipe[153]
155:Recipe[154]
156:Recipe[155]
157:Recipe[156]
158:Recipe[157]
159:Recipe[158]
160:Recipe[159]
