0:Number
1:CraftType
2:RecipeLevelTable
3:Item{Result}
4:Amount{Result}
5:Item{Ingredient}[0]
6:Amount{Ingredient}[0]
7:Item{Ingredient}[1]
8:Amount{Ingredient}[1]
9:Item{Ingredient}[2]
10:Amount{Ingredient}[2]
11:Item{Ingredient}[3]
12:Amount{Ingredient}[3]
13:Item{Ingredient}[4]
14:Amount{Ingredient}[4]
15:Item{Ingredient}[5]
16:Amount{Ingredient}[5]
17:Item{Ingredient}[6]
18:Amount{Ingredient}[6]
19:Item{Ingredient}[7]
20:Amount{Ingredient}[7]
21:Item{Ingredient}[8]
22:Amount{Ingredient}[8]
23:Item{Ingredient}[9]
24:Amount{Ingredient}[9]
26:IsSecondary
27:MaterialQualityFactor
28:DifficultyFactor
29:QualityFactor
30:DurabilityFactor
32:RequiredCraftsmanship
33:RequiredControl
34:QuickSynthCraftsmanship
35:QuickSynthControl
36:SecretRecipeBook
38:CanQuickSynth
39:CanHq
40:ExpRewarded
41:Status{Required}
42:Item{Required}
43:IsSpecializationRequired
44:IsExpert
45:PatchNumber
