0:EventItem
1:MonsterNoteTarget{Common}[0]
2:MonsterCount[0]
3:MonsterNoteTarget{Common}[1]
4:MonsterCount[1]
5:MonsterNoteTarget{Common}[2]
6:MonsterCount[2]
7:MonsterNoteTarget{Common}[3]
8:MonsterCount[3]
9:MonsterNoteTarget{Common}[4]
10:MonsterCount[4]
11:MonsterNoteTarget{Common}[5]
12:MonsterCount[5]
13:MonsterNoteTarget{Common}[6]
14:MonsterCount[6]
15:MonsterNoteTarget{Common}[7]
16:MonsterCount[7]
17:MonsterNoteTarget{Common}[8]
18:MonsterCount[8]
19:MonsterNoteTarget{Common}[9]
20:MonsterCount[9]
21:MonsterNoteTarget{NM}[0]
22:MonsterNoteTarget{NM}[1]
23:MonsterNoteTarget{NM}[2]
25:Fate[0]
26:PlaceName{Fate}[0]
27:Fate[1]
28:PlaceName{Fate}[1]
29:Fate[2]
30:PlaceName{Fate}[2]
31:Leve[0]
32:Leve[1]
33:Leve[2]
