0:Npc
1:Quest{Required}
2:LevelUnlock
3:DeliveriesPerWeek
4:SupplyIndex[0]
5:SupplyIndex[1]
6:SupplyIndex[2]
7:SupplyIndex[3]
8:SupplyIndex[4]
9:SupplyIndex[5]
10:Satisfaction{Required}[0]
11:Satisfaction{Required}[1]
12:Satisfaction{Required}[2]
13:Satisfaction{Required}[3]
14:Satisfaction{Required}[4]
15:Satisfaction{Required}[5]
16:Item[0][0]
17:Item[0][1]
18:Item[0][2]
19:Item[0][3]
20:Item[0][4]
21:Item[0][5]
22:ItemCount[0][0]
23:ItemCount[0][1]
24:ItemCount[0][2]
25:ItemCount[0][3]
26:ItemCount[0][4]
27:ItemCount[0][5]
28:IsHQ[0][0]
29:IsHQ[0][1]
30:IsHQ[0][2]
31:IsHQ[0][3]
32:IsHQ[0][4]
33:IsHQ[0][5]
34:Item[1][0]
35:Item[1][1]
36:Item[1][2]
37:Item[1][3]
38:Item[1][4]
39:Item[1][5]
40:ItemCount[1][0]
41:ItemCount[1][1]
42:ItemCount[1][2]
43:ItemCount[1][3]
44:ItemCount[1][4]
45:ItemCount[1][5]
46:IsHQ[1][0]
47:IsHQ[1][1]
48:IsHQ[1][2]
49:IsHQ[1][3]
50:IsHQ[1][4]
51:IsHQ[1][5]
52:Item[2][0]
53:Item[2][1]
54:Item[2][2]
55:Item[2][3]
56:Item[2][4]
57:Item[2][5]
58:ItemCount[2][0]
59:ItemCount[2][1]
60:ItemCount[2][2]
61:ItemCount[2][3]
62:ItemCount[2][4]
63:ItemCount[2][5]
64:IsHQ[2][0]
65:IsHQ[2][1]
66:IsHQ[2][2]
67:IsHQ[2][3]
68:IsHQ[2][4]
69:IsHQ[2][5]
70:Icon
