0:TripleTriadCard{Fixed}[0]
1:TripleTriadCard{Fixed}[1]
2:TripleTriadCard{Fixed}[2]
3:TripleTriadCard{Fixed}[3]
4:TripleTriadCard{Fixed}[4]
5:TripleTriadCard{Variable}[0]
6:TripleTriadCard{Variable}[1]
7:TripleTriadCard{Variable}[2]
8:TripleTriadCard{Variable}[3]
9:TripleTriadCard{Variable}[4]
10:TripleTriadRule[0]
11:TripleTriadRule[1]
12:UsesRegionalRules
13:Fee
14:PreviousQuestJoin
15:PreviousQuest[0]
16:PreviousQuest[1]
17:PreviousQuest[2]
18:StartTime
19:EndTime
20:DefaultTalk{Challenge}
21:DefaultTalk{Unavailable}
22:DefaultTalk{NPCWin}
23:DefaultTalk{Draw}
24:DefaultTalk{PCWin}
26:Item{PossibleReward}[0]
27:Item{PossibleReward}[1]
28:Item{PossibleReward}[2]
29:Item{PossibleReward}[3]
