0:WeeklyLotBonusThreshold[0]
1:WeeklyLotBonusThreshold[1]
2:WeeklyLotBonusThreshold[2]
3:WeeklyLotBonusThreshold[3]
4:WeeklyLotBonusThreshold[4]
5:WeeklyLotBonusThreshold[5]
6:WeeklyLotBonusThreshold[6]
7:WeeklyLotBonusThreshold[7]
8:WeeklyLotBonusThreshold[8]
9:WeeklyLotBonusThreshold[9]
10:WeeklyLotBonusThreshold[10]
11:WeeklyLotBonusThreshold[11]
12:WeeklyLotBonusThreshold[12]
13:WeeklyLotBonusThreshold[13]
14:WeeklyLotBonusThreshold[14]
15:WeeklyLotBonusThreshold[15]
16:WeeklyLotBonusThreshold[16]
17:WeeklyLotBonusThreshold[17]
18:WeeklyLotBonusThreshold[18]
19:WeeklyLotBonusThreshold[19]
20:WeeklyLotBonusThreshold[20]
21:WeeklyLotBonusThreshold[21]
22:WeeklyLotBonusThreshold[22]
23:WeeklyLotBonusThreshold[23]
24:WeeklyLotBonusThreshold[24]
25:WeeklyLotBonusThreshold[25]
26:WeeklyLotBonusThreshold[26]
27:WeeklyLotBonusThreshold[27]
28:WeeklyLotBonusThreshold[28]
29:WeeklyLotBonusThreshold[29]
30:WeeklyLotBonusThreshold[30]
